Flow report for clk_down
Mon Jun 26 21:05:11 2023
Quartus Prime Version 16.1.2 Build 203 01/18/2017 SJ Lite Edition


---------------------
; Table of Contents ;
---------------------
  1. Legal Notice
  2. Flow Summary
  3. Flow Settings
  4. Flow Non-Default Global Settings
  5. Flow Elapsed Time
  6. Flow OS Summary
  7. Flow Log
  8. Flow Messages
  9. Flow Suppressed Messages



----------------
; Legal Notice ;
----------------
Copyright (C) 2017  Intel Corporation. All rights reserved.
Your use of Intel Corporation's design tools, logic functions 
and other software and tools, and its AMPP partner logic 
functions, and any output files from any of the foregoing 
(including device programming or simulation files), and any 
associated documentation or information are expressly subject 
to the terms and conditions of the Intel Program License 
Subscription Agreement, the Intel Quartus Prime License Agreement,
the Intel MegaCore Function License Agreement, or other 
applicable license agreement, including, without limitation, 
that your use is for the sole purpose of programming logic 
devices manufactured by Intel and sold by Intel or its 
authorized distributors.  Please refer to the applicable 
agreement for further details.



+-------------------------------------------------------------------------------+
; Flow Summary                                                                  ;
+---------------------------------+---------------------------------------------+
; Flow Status                     ; Successful - Mon Jun 26 21:05:11 2023       ;
; Quartus Prime Version           ; 16.1.2 Build 203 01/18/2017 SJ Lite Edition ;
; Revision Name                   ; clk_down                                    ;
; Top-level Entity Name           ; clk_down                                    ;
; Family                          ; Cyclone V                                   ;
; Device                          ; 5CSEMA5F31C6                                ;
; Timing Models                   ; Final                                       ;
; Logic utilization (in ALMs)     ; 25 / 32,070 ( < 1 % )                       ;
; Total registers                 ; 98                                          ;
; Total pins                      ; 66 / 457 ( 14 % )                           ;
; Total virtual pins              ; 0                                           ;
; Total block memory bits         ; 0 / 4,065,280 ( 0 % )                       ;
; Total DSP Blocks                ; 0 / 87 ( 0 % )                              ;
; Total HSSI RX PCSs              ; 0                                           ;
; Total HSSI PMA RX Deserializers ; 0                                           ;
; Total HSSI TX PCSs              ; 0                                           ;
; Total HSSI PMA TX Serializers   ; 0                                           ;
; Total PLLs                      ; 0 / 6 ( 0 % )                               ;
; Total DLLs                      ; 0 / 4 ( 0 % )                               ;
+---------------------------------+---------------------------------------------+


+-----------------------------------------+
; Flow Settings                           ;
+-------------------+---------------------+
; Option            ; Setting             ;
+-------------------+---------------------+
; Start date & time ; 06/26/2023 20:46:36 ;
; Main task         ; Compilation         ;
; Revision Name     ; clk_down            ;
+-------------------+---------------------+


+-------------------------------------------------------------------------------------------------------------------------+
; Flow Non-Default Global Settings                                                                                        ;
+-------------------------------------+----------------------------------------+---------------+-------------+------------+
; Assignment Name                     ; Value                                  ; Default Value ; Entity Name ; Section Id ;
+-------------------------------------+----------------------------------------+---------------+-------------+------------+
; COMPILER_SIGNATURE_ID               ; 91754621440.168783759620220            ; --            ; --          ; --         ;
; MAX_CORE_JUNCTION_TEMP              ; 85                                     ; --            ; --          ; --         ;
; MIN_CORE_JUNCTION_TEMP              ; 0                                      ; --            ; --          ; --         ;
; PARTITION_COLOR                     ; -- (Not supported for targeted family) ; --            ; --          ; Top        ;
; PARTITION_FITTER_PRESERVATION_LEVEL ; -- (Not supported for targeted family) ; --            ; --          ; Top        ;
; PARTITION_NETLIST_TYPE              ; -- (Not supported for targeted family) ; --            ; --          ; Top        ;
; POWER_BOARD_THERMAL_MODEL           ; None (CONSERVATIVE)                    ; --            ; --          ; --         ;
; POWER_PRESET_COOLING_SOLUTION       ; 23 MM HEAT SINK WITH 200 LFPM AIRFLOW  ; --            ; --          ; --         ;
; PROJECT_OUTPUT_DIRECTORY            ; output_files                           ; --            ; --          ; --         ;
+-------------------------------------+----------------------------------------+---------------+-------------+------------+


+-------------------------------------------------------------------------------------------------------------------------------+
; Flow Elapsed Time                                                                                                             ;
+---------------------------+--------------+-------------------------+---------------------+------------------------------------+
; Module Name               ; Elapsed Time ; Average Processors Used ; Peak Virtual Memory ; Total CPU Time (on all processors) ;
+---------------------------+--------------+-------------------------+---------------------+------------------------------------+
; Analysis & Synthesis      ; 00:00:07     ; 1.0                     ; 4890 MB             ; 00:00:04                           ;
; Fitter                    ; 00:00:37     ; 1.0                     ; 7363 MB             ; 00:02:02                           ;
; Assembler                 ; 00:00:05     ; 1.0                     ; 4832 MB             ; 00:00:03                           ;
; TimeQuest Timing Analyzer ; 00:00:04     ; 1.3                     ; 5229 MB             ; 00:00:03                           ;
; EDA Netlist Writer        ; 00:00:01     ; 1.0                     ; 4708 MB             ; 00:00:00                           ;
; EDA Netlist Writer        ; 00:00:01     ; 1.0                     ; 4716 MB             ; 00:00:00                           ;
; EDA Netlist Writer        ; 00:00:01     ; 1.0                     ; 4708 MB             ; 00:00:00                           ;
; EDA Netlist Writer        ; 00:00:01     ; 1.0                     ; 4716 MB             ; 00:00:00                           ;
; EDA Netlist Writer        ; 00:00:00     ; 1.0                     ; 4708 MB             ; 00:00:00                           ;
; EDA Netlist Writer        ; 00:00:00     ; 1.0                     ; 4717 MB             ; 00:00:00                           ;
; EDA Netlist Writer        ; 00:00:01     ; 1.0                     ; 4709 MB             ; 00:00:00                           ;
; EDA Netlist Writer        ; 00:00:00     ; 1.0                     ; 4717 MB             ; 00:00:01                           ;
; EDA Netlist Writer        ; 00:00:01     ; 1.0                     ; 4709 MB             ; 00:00:00                           ;
; EDA Netlist Writer        ; 00:00:00     ; 1.0                     ; 4717 MB             ; 00:00:00                           ;
; EDA Netlist Writer        ; 00:00:00     ; 1.0                     ; 4709 MB             ; 00:00:00                           ;
; EDA Netlist Writer        ; 00:00:01     ; 1.0                     ; 4717 MB             ; 00:00:00                           ;
; Total                     ; 00:01:00     ; --                      ; --                  ; 00:02:13                           ;
+---------------------------+--------------+-------------------------+---------------------+------------------------------------+


+-----------------------------------------------------------------------------------------+
; Flow OS Summary                                                                         ;
+---------------------------+------------------+------------+------------+----------------+
; Module Name               ; Machine Hostname ; OS Name    ; OS Version ; Processor type ;
+---------------------------+------------------+------------+------------+----------------+
; Analysis & Synthesis      ; DISBOARD         ; Windows 10 ; 10.0       ; x86_64         ;
; Fitter                    ; DISBOARD         ; Windows 10 ; 10.0       ; x86_64         ;
; Assembler                 ; DISBOARD         ; Windows 10 ; 10.0       ; x86_64         ;
; TimeQuest Timing Analyzer ; DISBOARD         ; Windows 10 ; 10.0       ; x86_64         ;
; EDA Netlist Writer        ; DISBOARD         ; Windows 10 ; 10.0       ; x86_64         ;
; EDA Netlist Writer        ; DISBOARD         ; Windows 10 ; 10.0       ; x86_64         ;
; EDA Netlist Writer        ; DISBOARD         ; Windows 10 ; 10.0       ; x86_64         ;
; EDA Netlist Writer        ; DISBOARD         ; Windows 10 ; 10.0       ; x86_64         ;
; EDA Netlist Writer        ; DISBOARD         ; Windows 10 ; 10.0       ; x86_64         ;
; EDA Netlist Writer        ; DISBOARD         ; Windows 10 ; 10.0       ; x86_64         ;
; EDA Netlist Writer        ; DISBOARD         ; Windows 10 ; 10.0       ; x86_64         ;
; EDA Netlist Writer        ; DISBOARD         ; Windows 10 ; 10.0       ; x86_64         ;
; EDA Netlist Writer        ; DISBOARD         ; Windows 10 ; 10.0       ; x86_64         ;
; EDA Netlist Writer        ; DISBOARD         ; Windows 10 ; 10.0       ; x86_64         ;
; EDA Netlist Writer        ; DISBOARD         ; Windows 10 ; 10.0       ; x86_64         ;
; EDA Netlist Writer        ; DISBOARD         ; Windows 10 ; 10.0       ; x86_64         ;
+---------------------------+------------------+------------+------------+----------------+


------------
; Flow Log ;
------------
quartus_map --read_settings_files=on --write_settings_files=off clk_down -c clk_down
quartus_fit --read_settings_files=off --write_settings_files=off clk_down -c clk_down
quartus_asm --read_settings_files=off --write_settings_files=off clk_down -c clk_down
quartus_sta clk_down -c clk_down
quartus_eda --gen_testbench --tool=modelsim_oem --format=verilog --write_settings_files=off clk_down -c clk_down --vector_source=C:/Users/Admin/Documents/GitHub/CPEN-311/James_Park_70315379_Lab_5/sim/clk_down/Waveform.vwf --testbench_file=C:/Users/Admin/Documents/GitHub/CPEN-311/James_Park_70315379_Lab_5/sim/clk_down/simulation/qsim/Waveform.vwf.vt
quartus_eda --write_settings_files=off --simulation=on --functional=on --flatten_buses=off --tool=modelsim_oem --format=verilog --output_directory=C:/Users/Admin/Documents/GitHub/CPEN-311/James_Park_70315379_Lab_5/sim/clk_down/simulation/qsim/ clk_down -c clk_down
quartus_eda --gen_testbench --tool=modelsim_oem --format=verilog --write_settings_files=off clk_down -c clk_down --vector_source=C:/Users/Admin/Documents/GitHub/CPEN-311/James_Park_70315379_Lab_5/sim/clk_down/Waveform.vwf --testbench_file=C:/Users/Admin/Documents/GitHub/CPEN-311/James_Park_70315379_Lab_5/sim/clk_down/simulation/qsim/Waveform.vwf.vt
quartus_eda --write_settings_files=off --simulation=on --functional=on --flatten_buses=off --tool=modelsim_oem --format=verilog --output_directory=C:/Users/Admin/Documents/GitHub/CPEN-311/James_Park_70315379_Lab_5/sim/clk_down/simulation/qsim/ clk_down -c clk_down
quartus_eda --gen_testbench --tool=modelsim_oem --format=verilog --write_settings_files=off clk_down -c clk_down --vector_source=C:/Users/Admin/Documents/GitHub/CPEN-311/James_Park_70315379_Lab_5/sim/clk_down/Waveform.vwf --testbench_file=C:/Users/Admin/Documents/GitHub/CPEN-311/James_Park_70315379_Lab_5/sim/clk_down/simulation/qsim/Waveform.vwf.vt
quartus_eda --write_settings_files=off --simulation=on --functional=on --flatten_buses=off --tool=modelsim_oem --format=verilog --output_directory=C:/Users/Admin/Documents/GitHub/CPEN-311/James_Park_70315379_Lab_5/sim/clk_down/simulation/qsim/ clk_down -c clk_down
quartus_eda --gen_testbench --tool=modelsim_oem --format=verilog --write_settings_files=off clk_down -c clk_down --vector_source=C:/Users/Admin/Documents/GitHub/CPEN-311/James_Park_70315379_Lab_5/sim/clk_down/Waveform.vwf --testbench_file=C:/Users/Admin/Documents/GitHub/CPEN-311/James_Park_70315379_Lab_5/sim/clk_down/simulation/qsim/Waveform.vwf.vt
quartus_eda --write_settings_files=off --simulation=on --functional=on --flatten_buses=off --tool=modelsim_oem --format=verilog --output_directory=C:/Users/Admin/Documents/GitHub/CPEN-311/James_Park_70315379_Lab_5/sim/clk_down/simulation/qsim/ clk_down -c clk_down
quartus_eda --gen_testbench --tool=modelsim_oem --format=verilog --write_settings_files=off clk_down -c clk_down --vector_source=C:/Users/Admin/Documents/GitHub/CPEN-311/James_Park_70315379_Lab_5/sim/clk_down/Waveform.vwf --testbench_file=C:/Users/Admin/Documents/GitHub/CPEN-311/James_Park_70315379_Lab_5/sim/clk_down/simulation/qsim/Waveform.vwf.vt
quartus_eda --write_settings_files=off --simulation=on --functional=on --flatten_buses=off --tool=modelsim_oem --format=verilog --output_directory=C:/Users/Admin/Documents/GitHub/CPEN-311/James_Park_70315379_Lab_5/sim/clk_down/simulation/qsim/ clk_down -c clk_down
quartus_eda --gen_testbench --tool=modelsim_oem --format=verilog --write_settings_files=off clk_down -c clk_down --vector_source=C:/Users/Admin/Documents/GitHub/CPEN-311/James_Park_70315379_Lab_5/sim/clk_down/Waveform.vwf --testbench_file=C:/Users/Admin/Documents/GitHub/CPEN-311/James_Park_70315379_Lab_5/sim/clk_down/simulation/qsim/Waveform.vwf.vt
quartus_eda --write_settings_files=off --simulation=on --functional=on --flatten_buses=off --tool=modelsim_oem --format=verilog --output_directory=C:/Users/Admin/Documents/GitHub/CPEN-311/James_Park_70315379_Lab_5/sim/clk_down/simulation/qsim/ clk_down -c clk_down



