Flow report for HW2
Fri Jun 02 12:28:50 2023
Quartus Prime Version 16.1.2 Build 203 01/18/2017 SJ Lite Edition


---------------------
; Table of Contents ;
---------------------
  1. Legal Notice
  2. Flow Summary
  3. Flow Settings
  4. Flow Non-Default Global Settings
  5. Flow Elapsed Time
  6. Flow OS Summary
  7. Flow Log
  8. Flow Messages
  9. Flow Suppressed Messages



----------------
; Legal Notice ;
----------------
Copyright (C) 2017  Intel Corporation. All rights reserved.
Your use of Intel Corporation's design tools, logic functions 
and other software and tools, and its AMPP partner logic 
functions, and any output files from any of the foregoing 
(including device programming or simulation files), and any 
associated documentation or information are expressly subject 
to the terms and conditions of the Intel Program License 
Subscription Agreement, the Intel Quartus Prime License Agreement,
the Intel MegaCore Function License Agreement, or other 
applicable license agreement, including, without limitation, 
that your use is for the sole purpose of programming logic 
devices manufactured by Intel and sold by Intel or its 
authorized distributors.  Please refer to the applicable 
agreement for further details.



+-------------------------------------------------------------------------------+
; Flow Summary                                                                  ;
+---------------------------------+---------------------------------------------+
; Flow Status                     ; Successful - Fri Jun 02 12:28:50 2023       ;
; Quartus Prime Version           ; 16.1.2 Build 203 01/18/2017 SJ Lite Edition ;
; Revision Name                   ; HW2                                         ;
; Top-level Entity Name           ; fsm                                         ;
; Family                          ; Cyclone V                                   ;
; Device                          ; 5CSEMA5F31C6                                ;
; Timing Models                   ; Final                                       ;
; Logic utilization (in ALMs)     ; 3 / 32,070 ( < 1 % )                        ;
; Total registers                 ; 2                                           ;
; Total pins                      ; 9 / 457 ( 2 % )                             ;
; Total virtual pins              ; 0                                           ;
; Total block memory bits         ; 0 / 4,065,280 ( 0 % )                       ;
; Total DSP Blocks                ; 0 / 87 ( 0 % )                              ;
; Total HSSI RX PCSs              ; 0                                           ;
; Total HSSI PMA RX Deserializers ; 0                                           ;
; Total HSSI TX PCSs              ; 0                                           ;
; Total HSSI PMA TX Serializers   ; 0                                           ;
; Total PLLs                      ; 0 / 6 ( 0 % )                               ;
; Total DLLs                      ; 0 / 4 ( 0 % )                               ;
+---------------------------------+---------------------------------------------+


+-----------------------------------------+
; Flow Settings                           ;
+-------------------+---------------------+
; Option            ; Setting             ;
+-------------------+---------------------+
; Start date & time ; 06/02/2023 11:46:58 ;
; Main task         ; Compilation         ;
; Revision Name     ; HW2                 ;
+-------------------+---------------------+


+-------------------------------------------------------------------------------------------------------------------------+
; Flow Non-Default Global Settings                                                                                        ;
+-------------------------------------+----------------------------------------+---------------+-------------+------------+
; Assignment Name                     ; Value                                  ; Default Value ; Entity Name ; Section Id ;
+-------------------------------------+----------------------------------------+---------------+-------------+------------+
; COMPILER_SIGNATURE_ID               ; 24580034878281.168573161812476         ; --            ; --          ; --         ;
; MAX_CORE_JUNCTION_TEMP              ; 85                                     ; --            ; --          ; --         ;
; MIN_CORE_JUNCTION_TEMP              ; 0                                      ; --            ; --          ; --         ;
; PARTITION_COLOR                     ; -- (Not supported for targeted family) ; --            ; fsm         ; Top        ;
; PARTITION_FITTER_PRESERVATION_LEVEL ; -- (Not supported for targeted family) ; --            ; fsm         ; Top        ;
; PARTITION_NETLIST_TYPE              ; -- (Not supported for targeted family) ; --            ; fsm         ; Top        ;
; POWER_BOARD_THERMAL_MODEL           ; None (CONSERVATIVE)                    ; --            ; --          ; --         ;
; POWER_PRESET_COOLING_SOLUTION       ; 23 MM HEAT SINK WITH 200 LFPM AIRFLOW  ; --            ; --          ; --         ;
; PROJECT_OUTPUT_DIRECTORY            ; output_files                           ; --            ; --          ; --         ;
; TOP_LEVEL_ENTITY                    ; fsm                                    ; HW2           ; --          ; --         ;
+-------------------------------------+----------------------------------------+---------------+-------------+------------+


+-------------------------------------------------------------------------------------------------------------------------------+
; Flow Elapsed Time                                                                                                             ;
+---------------------------+--------------+-------------------------+---------------------+------------------------------------+
; Module Name               ; Elapsed Time ; Average Processors Used ; Peak Virtual Memory ; Total CPU Time (on all processors) ;
+---------------------------+--------------+-------------------------+---------------------+------------------------------------+
; Analysis & Synthesis      ; 00:00:09     ; 1.0                     ; 4862 MB             ; 00:00:10                           ;
; Fitter                    ; 00:01:36     ; 1.0                     ; 7846 MB             ; 00:07:06                           ;
; Assembler                 ; 00:00:09     ; 1.0                     ; 4830 MB             ; 00:00:06                           ;
; TimeQuest Timing Analyzer ; 00:00:04     ; 1.1                     ; 5248 MB             ; 00:00:03                           ;
; EDA Netlist Writer        ; 00:00:01     ; 1.0                     ; 4707 MB             ; 00:00:01                           ;
; EDA Netlist Writer        ; 00:00:01     ; 1.0                     ; 4715 MB             ; 00:00:01                           ;
; EDA Netlist Writer        ; 00:00:01     ; 1.0                     ; 4707 MB             ; 00:00:01                           ;
; EDA Netlist Writer        ; 00:00:01     ; 1.0                     ; 4716 MB             ; 00:00:01                           ;
; EDA Netlist Writer        ; 00:00:01     ; 1.0                     ; 4707 MB             ; 00:00:01                           ;
; EDA Netlist Writer        ; 00:00:01     ; 1.0                     ; 4716 MB             ; 00:00:01                           ;
; EDA Netlist Writer        ; 00:00:01     ; 1.0                     ; 4707 MB             ; 00:00:01                           ;
; EDA Netlist Writer        ; 00:00:01     ; 1.0                     ; 4716 MB             ; 00:00:01                           ;
; EDA Netlist Writer        ; 00:00:01     ; 1.0                     ; 4707 MB             ; 00:00:01                           ;
; EDA Netlist Writer        ; 00:00:01     ; 1.0                     ; 4715 MB             ; 00:00:01                           ;
; EDA Netlist Writer        ; 00:00:01     ; 1.0                     ; 4707 MB             ; 00:00:01                           ;
; EDA Netlist Writer        ; 00:00:01     ; 1.0                     ; 4715 MB             ; 00:00:01                           ;
; EDA Netlist Writer        ; 00:00:01     ; 1.0                     ; 4707 MB             ; 00:00:01                           ;
; EDA Netlist Writer        ; 00:00:01     ; 1.0                     ; 4715 MB             ; 00:00:01                           ;
; EDA Netlist Writer        ; 00:00:01     ; 1.0                     ; 4707 MB             ; 00:00:01                           ;
; EDA Netlist Writer        ; 00:00:01     ; 1.0                     ; 4715 MB             ; 00:00:01                           ;
; EDA Netlist Writer        ; 00:00:01     ; 1.0                     ; 4707 MB             ; 00:00:01                           ;
; EDA Netlist Writer        ; 00:00:00     ; 1.0                     ; 4715 MB             ; 00:00:01                           ;
; EDA Netlist Writer        ; 00:00:01     ; 1.0                     ; 4707 MB             ; 00:00:01                           ;
; EDA Netlist Writer        ; 00:00:01     ; 1.0                     ; 4716 MB             ; 00:00:01                           ;
; EDA Netlist Writer        ; 00:00:01     ; 1.0                     ; 4707 MB             ; 00:00:01                           ;
; EDA Netlist Writer        ; 00:00:00     ; 1.0                     ; 4715 MB             ; 00:00:01                           ;
; EDA Netlist Writer        ; 00:00:00     ; 1.0                     ; 4707 MB             ; 00:00:01                           ;
; EDA Netlist Writer        ; 00:00:01     ; 1.0                     ; 4715 MB             ; 00:00:01                           ;
; EDA Netlist Writer        ; 00:00:01     ; 1.0                     ; 4707 MB             ; 00:00:01                           ;
; EDA Netlist Writer        ; 00:00:01     ; 1.0                     ; 4715 MB             ; 00:00:01                           ;
; EDA Netlist Writer        ; 00:00:01     ; 1.0                     ; 4707 MB             ; 00:00:01                           ;
; EDA Netlist Writer        ; 00:00:00     ; 1.0                     ; 4715 MB             ; 00:00:01                           ;
; EDA Netlist Writer        ; 00:00:01     ; 1.0                     ; 4708 MB             ; 00:00:01                           ;
; EDA Netlist Writer        ; 00:00:01     ; 1.0                     ; 4717 MB             ; 00:00:01                           ;
; Total                     ; 00:02:24     ; --                      ; --                  ; 00:07:55                           ;
+---------------------------+--------------+-------------------------+---------------------+------------------------------------+


+-----------------------------------------------------------------------------------------+
; Flow OS Summary                                                                         ;
+---------------------------+------------------+------------+------------+----------------+
; Module Name               ; Machine Hostname ; OS Name    ; OS Version ; Processor type ;
+---------------------------+------------------+------------+------------+----------------+
; Analysis & Synthesis      ; DWARF            ; Windows 10 ; 10.0       ; x86_64         ;
; Fitter                    ; DWARF            ; Windows 10 ; 10.0       ; x86_64         ;
; Assembler                 ; DWARF            ; Windows 10 ; 10.0       ; x86_64         ;
; TimeQuest Timing Analyzer ; DWARF            ; Windows 10 ; 10.0       ; x86_64         ;
; EDA Netlist Writer        ; DWARF            ; Windows 10 ; 10.0       ; x86_64         ;
; EDA Netlist Writer        ; DWARF            ; Windows 10 ; 10.0       ; x86_64         ;
; EDA Netlist Writer        ; DWARF            ; Windows 10 ; 10.0       ; x86_64         ;
; EDA Netlist Writer        ; DWARF            ; Windows 10 ; 10.0       ; x86_64         ;
; EDA Netlist Writer        ; DWARF            ; Windows 10 ; 10.0       ; x86_64         ;
; EDA Netlist Writer        ; DWARF            ; Windows 10 ; 10.0       ; x86_64         ;
; EDA Netlist Writer        ; DWARF            ; Windows 10 ; 10.0       ; x86_64         ;
; EDA Netlist Writer        ; DWARF            ; Windows 10 ; 10.0       ; x86_64         ;
; EDA Netlist Writer        ; DWARF            ; Windows 10 ; 10.0       ; x86_64         ;
; EDA Netlist Writer        ; DWARF            ; Windows 10 ; 10.0       ; x86_64         ;
; EDA Netlist Writer        ; DWARF            ; Windows 10 ; 10.0       ; x86_64         ;
; EDA Netlist Writer        ; DWARF            ; Windows 10 ; 10.0       ; x86_64         ;
; EDA Netlist Writer        ; DWARF            ; Windows 10 ; 10.0       ; x86_64         ;
; EDA Netlist Writer        ; DWARF            ; Windows 10 ; 10.0       ; x86_64         ;
; EDA Netlist Writer        ; DWARF            ; Windows 10 ; 10.0       ; x86_64         ;
; EDA Netlist Writer        ; DWARF            ; Windows 10 ; 10.0       ; x86_64         ;
; EDA Netlist Writer        ; DWARF            ; Windows 10 ; 10.0       ; x86_64         ;
; EDA Netlist Writer        ; DWARF            ; Windows 10 ; 10.0       ; x86_64         ;
; EDA Netlist Writer        ; DWARF            ; Windows 10 ; 10.0       ; x86_64         ;
; EDA Netlist Writer        ; DWARF            ; Windows 10 ; 10.0       ; x86_64         ;
; EDA Netlist Writer        ; DWARF            ; Windows 10 ; 10.0       ; x86_64         ;
; EDA Netlist Writer        ; DWARF            ; Windows 10 ; 10.0       ; x86_64         ;
; EDA Netlist Writer        ; DWARF            ; Windows 10 ; 10.0       ; x86_64         ;
; EDA Netlist Writer        ; DWARF            ; Windows 10 ; 10.0       ; x86_64         ;
; EDA Netlist Writer        ; DWARF            ; Windows 10 ; 10.0       ; x86_64         ;
; EDA Netlist Writer        ; DWARF            ; Windows 10 ; 10.0       ; x86_64         ;
; EDA Netlist Writer        ; DWARF            ; Windows 10 ; 10.0       ; x86_64         ;
; EDA Netlist Writer        ; DWARF            ; Windows 10 ; 10.0       ; x86_64         ;
; EDA Netlist Writer        ; DWARF            ; Windows 10 ; 10.0       ; x86_64         ;
; EDA Netlist Writer        ; DWARF            ; Windows 10 ; 10.0       ; x86_64         ;
+---------------------------+------------------+------------+------------+----------------+


------------
; Flow Log ;
------------
quartus_map --read_settings_files=on --write_settings_files=off HW2 -c HW2
quartus_fit --read_settings_files=off --write_settings_files=off HW2 -c HW2
quartus_asm --read_settings_files=off --write_settings_files=off HW2 -c HW2
quartus_sta HW2 -c HW2
quartus_eda --gen_testbench --tool=modelsim_oem --format=verilog --write_settings_files=off HW2 -c HW2 --vector_source=C:/Users/Admin/Documents/GitHub/CPEN-311/HW2/Waveform.vwf --testbench_file=C:/Users/Admin/Documents/GitHub/CPEN-311/HW2/simulation/qsim/Waveform.vwf.vt
quartus_eda --write_settings_files=off --simulation=on --functional=on --flatten_buses=off --tool=modelsim_oem --format=verilog --output_directory=C:/Users/Admin/Documents/GitHub/CPEN-311/HW2/simulation/qsim/ HW2 -c HW2
quartus_eda --gen_testbench --tool=modelsim_oem --format=verilog --write_settings_files=off HW2 -c HW2 --vector_source=C:/Users/Admin/Documents/GitHub/CPEN-311/HW2/Waveform.vwf --testbench_file=C:/Users/Admin/Documents/GitHub/CPEN-311/HW2/simulation/qsim/Waveform.vwf.vt
quartus_eda --write_settings_files=off --simulation=on --functional=on --flatten_buses=off --tool=modelsim_oem --format=verilog --output_directory=C:/Users/Admin/Documents/GitHub/CPEN-311/HW2/simulation/qsim/ HW2 -c HW2
quartus_eda --gen_testbench --tool=modelsim_oem --format=verilog --write_settings_files=off HW2 -c HW2 --vector_source=C:/Users/Admin/Documents/GitHub/CPEN-311/HW2/Waveform.vwf --testbench_file=C:/Users/Admin/Documents/GitHub/CPEN-311/HW2/simulation/qsim/Waveform.vwf.vt
quartus_eda --write_settings_files=off --simulation=on --functional=on --flatten_buses=off --tool=modelsim_oem --format=verilog --output_directory=C:/Users/Admin/Documents/GitHub/CPEN-311/HW2/simulation/qsim/ HW2 -c HW2
quartus_eda --gen_testbench --tool=modelsim_oem --format=verilog --write_settings_files=off HW2 -c HW2 --vector_source=C:/Users/Admin/Documents/GitHub/CPEN-311/HW2/Waveform.vwf --testbench_file=C:/Users/Admin/Documents/GitHub/CPEN-311/HW2/simulation/qsim/Waveform.vwf.vt
quartus_eda --write_settings_files=off --simulation=on --functional=on --flatten_buses=off --tool=modelsim_oem --format=verilog --output_directory=C:/Users/Admin/Documents/GitHub/CPEN-311/HW2/simulation/qsim/ HW2 -c HW2
quartus_eda --gen_testbench --tool=modelsim_oem --format=verilog --write_settings_files=off HW2 -c HW2 --vector_source=C:/Users/Admin/Documents/GitHub/CPEN-311/HW2/Waveform.vwf --testbench_file=C:/Users/Admin/Documents/GitHub/CPEN-311/HW2/simulation/qsim/Waveform.vwf.vt
quartus_eda --write_settings_files=off --simulation=on --functional=on --flatten_buses=off --tool=modelsim_oem --format=verilog --output_directory=C:/Users/Admin/Documents/GitHub/CPEN-311/HW2/simulation/qsim/ HW2 -c HW2
quartus_eda --gen_testbench --tool=modelsim_oem --format=verilog --write_settings_files=off HW2 -c HW2 --vector_source=C:/Users/Admin/Documents/GitHub/CPEN-311/HW2/Waveform.vwf --testbench_file=C:/Users/Admin/Documents/GitHub/CPEN-311/HW2/simulation/qsim/Waveform.vwf.vt
quartus_eda --write_settings_files=off --simulation=on --functional=on --flatten_buses=off --tool=modelsim_oem --format=verilog --output_directory=C:/Users/Admin/Documents/GitHub/CPEN-311/HW2/simulation/qsim/ HW2 -c HW2
quartus_eda --gen_testbench --tool=modelsim_oem --format=verilog --write_settings_files=off HW2 -c HW2 --vector_source=C:/Users/Admin/Documents/GitHub/CPEN-311/HW2/Waveform.vwf --testbench_file=C:/Users/Admin/Documents/GitHub/CPEN-311/HW2/simulation/qsim/Waveform.vwf.vt
quartus_eda --write_settings_files=off --simulation=on --functional=on --flatten_buses=off --tool=modelsim_oem --format=verilog --output_directory=C:/Users/Admin/Documents/GitHub/CPEN-311/HW2/simulation/qsim/ HW2 -c HW2
quartus_eda --gen_testbench --tool=modelsim_oem --format=verilog --write_settings_files=off HW2 -c HW2 --vector_source=C:/Users/Admin/Documents/GitHub/CPEN-311/HW2/Waveform.vwf --testbench_file=C:/Users/Admin/Documents/GitHub/CPEN-311/HW2/simulation/qsim/Waveform.vwf.vt
quartus_eda --write_settings_files=off --simulation=on --functional=on --flatten_buses=off --tool=modelsim_oem --format=verilog --output_directory=C:/Users/Admin/Documents/GitHub/CPEN-311/HW2/simulation/qsim/ HW2 -c HW2
quartus_eda --gen_testbench --tool=modelsim_oem --format=verilog --write_settings_files=off HW2 -c HW2 --vector_source=C:/Users/Admin/Documents/GitHub/CPEN-311/HW2/Waveform.vwf --testbench_file=C:/Users/Admin/Documents/GitHub/CPEN-311/HW2/simulation/qsim/Waveform.vwf.vt
quartus_eda --write_settings_files=off --simulation=on --functional=on --flatten_buses=off --tool=modelsim_oem --format=verilog --output_directory=C:/Users/Admin/Documents/GitHub/CPEN-311/HW2/simulation/qsim/ HW2 -c HW2
quartus_eda --gen_testbench --tool=modelsim_oem --format=verilog --write_settings_files=off HW2 -c HW2 --vector_source=C:/Users/Admin/Documents/GitHub/CPEN-311/HW2/Waveform.vwf --testbench_file=C:/Users/Admin/Documents/GitHub/CPEN-311/HW2/simulation/qsim/Waveform.vwf.vt
quartus_eda --write_settings_files=off --simulation=on --functional=on --flatten_buses=off --tool=modelsim_oem --format=verilog --output_directory=C:/Users/Admin/Documents/GitHub/CPEN-311/HW2/simulation/qsim/ HW2 -c HW2
quartus_eda --gen_testbench --tool=modelsim_oem --format=verilog --write_settings_files=off HW2 -c HW2 --vector_source=C:/Users/Admin/Documents/GitHub/CPEN-311/HW2/Waveform.vwf --testbench_file=C:/Users/Admin/Documents/GitHub/CPEN-311/HW2/simulation/qsim/Waveform.vwf.vt
quartus_eda --write_settings_files=off --simulation=on --functional=on --flatten_buses=off --tool=modelsim_oem --format=verilog --output_directory=C:/Users/Admin/Documents/GitHub/CPEN-311/HW2/simulation/qsim/ HW2 -c HW2
quartus_eda --gen_testbench --tool=modelsim_oem --format=verilog --write_settings_files=off HW2 -c HW2 --vector_source=C:/Users/Admin/Documents/GitHub/CPEN-311/HW2/Waveform.vwf --testbench_file=C:/Users/Admin/Documents/GitHub/CPEN-311/HW2/simulation/qsim/Waveform.vwf.vt
quartus_eda --write_settings_files=off --simulation=on --functional=on --flatten_buses=off --tool=modelsim_oem --format=verilog --output_directory=C:/Users/Admin/Documents/GitHub/CPEN-311/HW2/simulation/qsim/ HW2 -c HW2
quartus_eda --gen_testbench --tool=modelsim_oem --format=verilog --write_settings_files=off HW2 -c HW2 --vector_source=C:/Users/Admin/Documents/GitHub/CPEN-311/HW2/Waveform.vwf --testbench_file=C:/Users/Admin/Documents/GitHub/CPEN-311/HW2/simulation/qsim/Waveform.vwf.vt
quartus_eda --write_settings_files=off --simulation=on --functional=on --flatten_buses=off --tool=modelsim_oem --format=verilog --output_directory=C:/Users/Admin/Documents/GitHub/CPEN-311/HW2/simulation/qsim/ HW2 -c HW2
quartus_eda --gen_testbench --tool=modelsim_oem --format=verilog --write_settings_files=off HW2 -c HW2 --vector_source=C:/Users/Admin/Documents/GitHub/CPEN-311/HW2/Waveform.vwf --testbench_file=C:/Users/Admin/Documents/GitHub/CPEN-311/HW2/simulation/qsim/Waveform.vwf.vt
quartus_eda --write_settings_files=off --simulation=on --functional=on --flatten_buses=off --tool=modelsim_oem --format=verilog --output_directory=C:/Users/Admin/Documents/GitHub/CPEN-311/HW2/simulation/qsim/ HW2 -c HW2
quartus_eda --gen_testbench --tool=modelsim_oem --format=verilog --write_settings_files=off HW2 -c HW2 --vector_source=C:/Users/Admin/Documents/GitHub/CPEN-311/HW2/Waveform.vwf --testbench_file=C:/Users/Admin/Documents/GitHub/CPEN-311/HW2/simulation/qsim/Waveform.vwf.vt
quartus_eda --write_settings_files=off --simulation=on --functional=on --flatten_buses=off --tool=modelsim_oem --format=verilog --output_directory=C:/Users/Admin/Documents/GitHub/CPEN-311/HW2/simulation/qsim/ HW2 -c HW2



