Analysis & Synthesis report for Picoblaze_Practice
Fri Jun 09 12:01:55 2023
Quartus Prime Version 16.1.2 Build 203 01/18/2017 SJ Lite Edition


---------------------
; Table of Contents ;
---------------------
  1. Legal Notice
  2. Analysis & Synthesis Summary
  3. Analysis & Synthesis Settings
  4. Parallel Compilation
  5. Analysis & Synthesis Source Files Read
  6. Analysis & Synthesis Resource Usage Summary
  7. Analysis & Synthesis Resource Utilization by Entity
  8. Registers Removed During Synthesis
  9. Removed Registers Triggering Further Register Optimizations
 10. General Register Statistics
 11. Multiplexer Restructuring Statistics (Restructuring Performed)
 12. Parameter Settings for User Entity Instance: Top-level Entity: |Picoblaze_Practice
 13. Parameter Settings for User Entity Instance: picoblaze_template:picoblaze_template_inst
 14. Port Connectivity Checks: "picoblaze_template:picoblaze_template_inst|pacoblaze_instruction_memory:pacoblaze_instruction_memory_inst"
 15. Port Connectivity Checks: "picoblaze_template:picoblaze_template_inst|pacoblaze3:led_8seg_kcpsm"
 16. Port Connectivity Checks: "picoblaze_template:picoblaze_template_inst"
 17. Port Connectivity Checks: "doublesync:syncsw0"
 18. Port Connectivity Checks: "doublesync:syncsw1"
 19. Port Connectivity Checks: "doublesync:syncsw2"
 20. Port Connectivity Checks: "doublesync:syncsw3"
 21. Post-Synthesis Netlist Statistics for Top Partition
 22. Elapsed Time Per Partition
 23. Analysis & Synthesis Messages
 24. Analysis & Synthesis Suppressed Messages



----------------
; Legal Notice ;
----------------
Copyright (C) 2017  Intel Corporation. All rights reserved.
Your use of Intel Corporation's design tools, logic functions 
and other software and tools, and its AMPP partner logic 
functions, and any output files from any of the foregoing 
(including device programming or simulation files), and any 
associated documentation or information are expressly subject 
to the terms and conditions of the Intel Program License 
Subscription Agreement, the Intel Quartus Prime License Agreement,
the Intel MegaCore Function License Agreement, or other 
applicable license agreement, including, without limitation, 
that your use is for the sole purpose of programming logic 
devices manufactured by Intel and sold by Intel or its 
authorized distributors.  Please refer to the applicable 
agreement for further details.



+-------------------------------------------------------------------------------+
; Analysis & Synthesis Summary                                                  ;
+---------------------------------+---------------------------------------------+
; Analysis & Synthesis Status     ; Successful - Fri Jun 09 12:01:55 2023       ;
; Quartus Prime Version           ; 16.1.2 Build 203 01/18/2017 SJ Lite Edition ;
; Revision Name                   ; Picoblaze_Practice                          ;
; Top-level Entity Name           ; Picoblaze_Practice                          ;
; Family                          ; Cyclone V                                   ;
; Logic utilization (in ALMs)     ; N/A                                         ;
; Total registers                 ; 1078                                        ;
; Total pins                      ; 149                                         ;
; Total virtual pins              ; 0                                           ;
; Total block memory bits         ; 0                                           ;
; Total DSP Blocks                ; 0                                           ;
; Total HSSI RX PCSs              ; 0                                           ;
; Total HSSI PMA RX Deserializers ; 0                                           ;
; Total HSSI TX PCSs              ; 0                                           ;
; Total HSSI PMA TX Serializers   ; 0                                           ;
; Total PLLs                      ; 0                                           ;
; Total DLLs                      ; 0                                           ;
+---------------------------------+---------------------------------------------+


+---------------------------------------------------------------------------------------------------------------------------+
; Analysis & Synthesis Settings                                                                                             ;
+---------------------------------------------------------------------------------+--------------------+--------------------+
; Option                                                                          ; Setting            ; Default Value      ;
+---------------------------------------------------------------------------------+--------------------+--------------------+
; Device                                                                          ; 5CSEMA5F31C6       ;                    ;
; Top-level entity name                                                           ; Picoblaze_Practice ; Picoblaze_Practice ;
; Family name                                                                     ; Cyclone V          ; Cyclone V          ;
; Create Debugging Nodes for IP Cores                                             ; On                 ; Off                ;
; Preserve fewer node names                                                       ; Off                ; On                 ;
; Verilog Show LMF Mapping Messages                                               ; On                 ;                    ;
; Verilog Version                                                                 ; SystemVerilog_2005 ; Verilog_2001       ;
; Extract Verilog State Machines                                                  ; Off                ; On                 ;
; Extract VHDL State Machines                                                     ; Off                ; On                 ;
; Iteration limit for non-constant Verilog loops                                  ; 5000               ; 250                ;
; Power-Up Don't Care                                                             ; Off                ; On                 ;
; Auto ROM Replacement                                                            ; Off                ; On                 ;
; Auto RAM Replacement                                                            ; Off                ; On                 ;
; Auto Clock Enable Replacement                                                   ; Off                ; On                 ;
; Synchronization Register Chain Length                                           ; 2                  ; 3                  ;
; Number of Inverted Registers Reported in Synthesis Report                       ; 1000               ; 100                ;
; SDC constraint protection                                                       ; On                 ; Off                ;
; Use smart compilation                                                           ; Off                ; Off                ;
; Enable parallel Assembler and TimeQuest Timing Analyzer during compilation      ; On                 ; On                 ;
; Enable compact report table                                                     ; Off                ; Off                ;
; Restructure Multiplexers                                                        ; Auto               ; Auto               ;
; MLAB Add Timing Constraints For Mixed-Port Feed-Through Mode Setting Don't Care ; Off                ; Off                ;
; OpenCore Plus hardware evaluation                                               ; Enable             ; Enable             ;
; VHDL Version                                                                    ; VHDL_1993          ; VHDL_1993          ;
; State Machine Processing                                                        ; Auto               ; Auto               ;
; Safe State Machine                                                              ; Off                ; Off                ;
; Ignore Verilog initial constructs                                               ; Off                ; Off                ;
; Iteration limit for constant Verilog loops                                      ; 5000               ; 5000               ;
; Add Pass-Through Logic to Inferred RAMs                                         ; On                 ; On                 ;
; Infer RAMs from Raw Logic                                                       ; On                 ; On                 ;
; Parallel Synthesis                                                              ; On                 ; On                 ;
; DSP Block Balancing                                                             ; Auto               ; Auto               ;
; NOT Gate Push-Back                                                              ; On                 ; On                 ;
; Remove Redundant Logic Cells                                                    ; Off                ; Off                ;
; Remove Duplicate Registers                                                      ; On                 ; On                 ;
; Ignore CARRY Buffers                                                            ; Off                ; Off                ;
; Ignore CASCADE Buffers                                                          ; Off                ; Off                ;
; Ignore GLOBAL Buffers                                                           ; Off                ; Off                ;
; Ignore ROW GLOBAL Buffers                                                       ; Off                ; Off                ;
; Ignore LCELL Buffers                                                            ; Off                ; Off                ;
; Ignore SOFT Buffers                                                             ; On                 ; On                 ;
; Limit AHDL Integers to 32 Bits                                                  ; Off                ; Off                ;
; Optimization Technique                                                          ; Balanced           ; Balanced           ;
; Carry Chain Length                                                              ; 70                 ; 70                 ;
; Auto Carry Chains                                                               ; On                 ; On                 ;
; Auto Open-Drain Pins                                                            ; On                 ; On                 ;
; Perform WYSIWYG Primitive Resynthesis                                           ; Off                ; Off                ;
; Auto DSP Block Replacement                                                      ; On                 ; On                 ;
; Auto Shift Register Replacement                                                 ; Auto               ; Auto               ;
; Allow Shift Register Merging across Hierarchies                                 ; Auto               ; Auto               ;
; Strict RAM Replacement                                                          ; Off                ; Off                ;
; Allow Synchronous Control Signals                                               ; On                 ; On                 ;
; Force Use of Synchronous Clear Signals                                          ; Off                ; Off                ;
; Auto Resource Sharing                                                           ; Off                ; Off                ;
; Allow Any RAM Size For Recognition                                              ; Off                ; Off                ;
; Allow Any ROM Size For Recognition                                              ; Off                ; Off                ;
; Allow Any Shift Register Size For Recognition                                   ; Off                ; Off                ;
; Use LogicLock Constraints during Resource Balancing                             ; On                 ; On                 ;
; Ignore translate_off and synthesis_off directives                               ; Off                ; Off                ;
; Timing-Driven Synthesis                                                         ; On                 ; On                 ;
; Report Parameter Settings                                                       ; On                 ; On                 ;
; Report Source Assignments                                                       ; On                 ; On                 ;
; Report Connectivity Checks                                                      ; On                 ; On                 ;
; Ignore Maximum Fan-Out Assignments                                              ; Off                ; Off                ;
; PowerPlay Power Optimization During Synthesis                                   ; Normal compilation ; Normal compilation ;
; HDL message level                                                               ; Level2             ; Level2             ;
; Suppress Register Optimization Related Messages                                 ; Off                ; Off                ;
; Number of Removed Registers Reported in Synthesis Report                        ; 5000               ; 5000               ;
; Number of Swept Nodes Reported in Synthesis Report                              ; 5000               ; 5000               ;
; Clock MUX Protection                                                            ; On                 ; On                 ;
; Auto Gated Clock Conversion                                                     ; Off                ; Off                ;
; Block Design Naming                                                             ; Auto               ; Auto               ;
; Synthesis Effort                                                                ; Auto               ; Auto               ;
; Shift Register Replacement - Allow Asynchronous Clear Signal                    ; On                 ; On                 ;
; Pre-Mapping Resynthesis Optimization                                            ; Off                ; Off                ;
; Analysis & Synthesis Message Level                                              ; Medium             ; Medium             ;
; Disable Register Merging Across Hierarchies                                     ; Auto               ; Auto               ;
; Resource Aware Inference For Block RAM                                          ; On                 ; On                 ;
; Automatic Parallel Synthesis                                                    ; On                 ; On                 ;
; Partial Reconfiguration Bitstream ID                                            ; Off                ; Off                ;
+---------------------------------------------------------------------------------+--------------------+--------------------+


+------------------------------------------+
; Parallel Compilation                     ;
+----------------------------+-------------+
; Processors                 ; Number      ;
+----------------------------+-------------+
; Number detected on machine ; 16          ;
; Maximum allowed            ; 16          ;
;                            ;             ;
; Average used               ; 1.01        ;
; Maximum used               ; 16          ;
;                            ;             ;
; Usage by Processor         ; % Time Used ;
;     Processor 1            ; 100.0%      ;
;     Processor 2            ;   0.1%      ;
;     Processor 3            ;   0.1%      ;
;     Processor 4            ;   0.1%      ;
;     Processor 5            ;   0.1%      ;
;     Processor 6            ;   0.1%      ;
;     Processor 7            ;   0.1%      ;
;     Processor 8            ;   0.1%      ;
;     Processor 9            ;   0.1%      ;
;     Processor 10           ;   0.1%      ;
;     Processors 11-16       ;   0.1%      ;
+----------------------------+-------------+


+------------------------------------------------------------------------------------------------------------------------------------------------------------------------------------------------+
; Analysis & Synthesis Source Files Read                                                                                                                                                         ;
+----------------------------------+-----------------+------------------------------+--------------------------------------------------------------------------------------------------+---------+
; File Name with User-Entered Path ; Used in Netlist ; File Type                    ; File Name with Absolute Path                                                                     ; Library ;
+----------------------------------+-----------------+------------------------------+--------------------------------------------------------------------------------------------------+---------+
; picoblaze_practice.v             ; yes             ; Auto-Found Verilog HDL File  ; C:/Users/Admin/Documents/GitHub/CPEN-311/class_activity/picoblaze/picoblaze_practice.v           ;         ;
; doublesync.v                     ; yes             ; Auto-Found Verilog HDL File  ; C:/Users/Admin/Documents/GitHub/CPEN-311/class_activity/picoblaze/doublesync.v                   ;         ;
; picoblaze_template.v             ; yes             ; Auto-Found Verilog HDL File  ; C:/Users/Admin/Documents/GitHub/CPEN-311/class_activity/picoblaze/picoblaze_template.v           ;         ;
; pacoblaze_idu.v                  ; yes             ; Auto-Found Verilog HDL File  ; C:/Users/Admin/Documents/GitHub/CPEN-311/class_activity/picoblaze/pacoblaze/pacoblaze_idu.v      ;         ;
; pacoblaze_alu.v                  ; yes             ; Auto-Found Verilog HDL File  ; C:/Users/Admin/Documents/GitHub/CPEN-311/class_activity/picoblaze/pacoblaze/pacoblaze_alu.v      ;         ;
; pacoblaze_stack.v                ; yes             ; Auto-Found Verilog HDL File  ; C:/Users/Admin/Documents/GitHub/CPEN-311/class_activity/picoblaze/pacoblaze/pacoblaze_stack.v    ;         ;
; pacoblaze_register.v             ; yes             ; Auto-Found Verilog HDL File  ; C:/Users/Admin/Documents/GitHub/CPEN-311/class_activity/picoblaze/pacoblaze/pacoblaze_register.v ;         ;
; pacoblaze_scratch.v              ; yes             ; Auto-Found Verilog HDL File  ; C:/Users/Admin/Documents/GitHub/CPEN-311/class_activity/picoblaze/pacoblaze/pacoblaze_scratch.v  ;         ;
; pacoblaze.v                      ; yes             ; Auto-Found Verilog HDL File  ; C:/Users/Admin/Documents/GitHub/CPEN-311/class_activity/picoblaze/pacoblaze/pacoblaze.v          ;         ;
; pacoblaze_instruction_memory.v   ; yes             ; Auto-Found Verilog HDL File  ; C:/Users/Admin/Documents/GitHub/CPEN-311/class_activity/picoblaze/pacoblaze_instruction_memory.v ;         ;
; pracpico.mem                     ; yes             ; Auto-Found Unspecified File  ; C:/Users/Admin/Documents/GitHub/CPEN-311/class_activity/picoblaze/pracpico.mem                   ;         ;
; sevensegmentdisplaydecoder.v     ; yes             ; Auto-Found Verilog HDL File  ; C:/Users/Admin/Documents/GitHub/CPEN-311/class_activity/picoblaze/sevensegmentdisplaydecoder.v   ;         ;
+----------------------------------+-----------------+------------------------------+--------------------------------------------------------------------------------------------------+---------+


+--------------------------------------------------------------+
; Analysis & Synthesis Resource Usage Summary                  ;
+---------------------------------------------+----------------+
; Resource                                    ; Usage          ;
+---------------------------------------------+----------------+
; Estimate of Logic utilization (ALMs needed) ; 1126           ;
;                                             ;                ;
; Combinational ALUT usage for logic          ; 796            ;
;     -- 7 input functions                    ; 9              ;
;     -- 6 input functions                    ; 468            ;
;     -- 5 input functions                    ; 102            ;
;     -- 4 input functions                    ; 75             ;
;     -- <=3 input functions                  ; 142            ;
;                                             ;                ;
; Dedicated logic registers                   ; 1078           ;
;                                             ;                ;
; I/O pins                                    ; 149            ;
;                                             ;                ;
; Total DSP Blocks                            ; 0              ;
;                                             ;                ;
; Maximum fan-out node                        ; CLOCK_50~input ;
; Maximum fan-out                             ; 1078           ;
; Total fan-out                               ; 8475           ;
; Average fan-out                             ; 3.77           ;
+---------------------------------------------+----------------+


+---------------------------------------------------------------------------------------------------------------------------------------------------------------------------------------------------------------------------------------------------------------------------------------------------------------------------------------------------------------+
; Analysis & Synthesis Resource Utilization by Entity                                                                                                                                                                                                                                                                                                           ;
+------------------------------------------------------------------------+---------------------+---------------------------+-------------------+------------+------+--------------+-------------------------------------------------------------------------------------------------------------------------------+------------------------------+--------------+
; Compilation Hierarchy Node                                             ; Combinational ALUTs ; Dedicated Logic Registers ; Block Memory Bits ; DSP Blocks ; Pins ; Virtual Pins ; Full Hierarchy Name                                                                                                           ; Entity Name                  ; Library Name ;
+------------------------------------------------------------------------+---------------------+---------------------------+-------------------+------------+------+--------------+-------------------------------------------------------------------------------------------------------------------------------+------------------------------+--------------+
; |Picoblaze_Practice                                                    ; 796 (0)             ; 1078 (0)                  ; 0                 ; 0          ; 149  ; 0            ; |Picoblaze_Practice                                                                                                           ; Picoblaze_Practice           ; work         ;
;    |SevenSegmentDisplayDecoder:sevenseg0|                              ; 7 (7)               ; 0 (0)                     ; 0                 ; 0          ; 0    ; 0            ; |Picoblaze_Practice|SevenSegmentDisplayDecoder:sevenseg0                                                                      ; SevenSegmentDisplayDecoder   ; work         ;
;    |SevenSegmentDisplayDecoder:sevenseg1|                              ; 7 (7)               ; 0 (0)                     ; 0                 ; 0          ; 0    ; 0            ; |Picoblaze_Practice|SevenSegmentDisplayDecoder:sevenseg1                                                                      ; SevenSegmentDisplayDecoder   ; work         ;
;    |SevenSegmentDisplayDecoder:sevenseg2|                              ; 7 (7)               ; 0 (0)                     ; 0                 ; 0          ; 0    ; 0            ; |Picoblaze_Practice|SevenSegmentDisplayDecoder:sevenseg2                                                                      ; SevenSegmentDisplayDecoder   ; work         ;
;    |SevenSegmentDisplayDecoder:sevenseg3|                              ; 7 (7)               ; 0 (0)                     ; 0                 ; 0          ; 0    ; 0            ; |Picoblaze_Practice|SevenSegmentDisplayDecoder:sevenseg3                                                                      ; SevenSegmentDisplayDecoder   ; work         ;
;    |SevenSegmentDisplayDecoder:sevenseg4|                              ; 7 (7)               ; 0 (0)                     ; 0                 ; 0          ; 0    ; 0            ; |Picoblaze_Practice|SevenSegmentDisplayDecoder:sevenseg4                                                                      ; SevenSegmentDisplayDecoder   ; work         ;
;    |SevenSegmentDisplayDecoder:sevenseg5|                              ; 7 (7)               ; 0 (0)                     ; 0                 ; 0          ; 0    ; 0            ; |Picoblaze_Practice|SevenSegmentDisplayDecoder:sevenseg5                                                                      ; SevenSegmentDisplayDecoder   ; work         ;
;    |doublesync:syncsw0|                                                ; 0 (0)               ; 2 (2)                     ; 0                 ; 0          ; 0    ; 0            ; |Picoblaze_Practice|doublesync:syncsw0                                                                                        ; doublesync                   ; work         ;
;    |doublesync:syncsw1|                                                ; 0 (0)               ; 2 (2)                     ; 0                 ; 0          ; 0    ; 0            ; |Picoblaze_Practice|doublesync:syncsw1                                                                                        ; doublesync                   ; work         ;
;    |doublesync:syncsw2|                                                ; 0 (0)               ; 2 (2)                     ; 0                 ; 0          ; 0    ; 0            ; |Picoblaze_Practice|doublesync:syncsw2                                                                                        ; doublesync                   ; work         ;
;    |doublesync:syncsw3|                                                ; 0 (0)               ; 2 (2)                     ; 0                 ; 0          ; 0    ; 0            ; |Picoblaze_Practice|doublesync:syncsw3                                                                                        ; doublesync                   ; work         ;
;    |picoblaze_template:picoblaze_template_inst|                        ; 754 (39)            ; 1070 (83)                 ; 0                 ; 0          ; 0    ; 0            ; |Picoblaze_Practice|picoblaze_template:picoblaze_template_inst                                                                ; picoblaze_template           ; work         ;
;       |pacoblaze3:led_8seg_kcpsm|                                      ; 640 (399)           ; 987 (22)                  ; 0                 ; 0          ; 0    ; 0            ; |Picoblaze_Practice|picoblaze_template:picoblaze_template_inst|pacoblaze3:led_8seg_kcpsm                                      ; pacoblaze3                   ; work         ;
;          |pacoblaze3_alu:alu|                                          ; 46 (46)             ; 0 (0)                     ; 0                 ; 0          ; 0    ; 0            ; |Picoblaze_Practice|picoblaze_template:picoblaze_template_inst|pacoblaze3:led_8seg_kcpsm|pacoblaze3_alu:alu                   ; pacoblaze3_alu               ; work         ;
;          |pacoblaze3_register:register|                                ; 56 (56)             ; 128 (128)                 ; 0                 ; 0          ; 0    ; 0            ; |Picoblaze_Practice|picoblaze_template:picoblaze_template_inst|pacoblaze3:led_8seg_kcpsm|pacoblaze3_register:register         ; pacoblaze3_register          ; work         ;
;          |pacoblaze3_scratch:scratch|                                  ; 96 (96)             ; 512 (512)                 ; 0                 ; 0          ; 0    ; 0            ; |Picoblaze_Practice|picoblaze_template:picoblaze_template_inst|pacoblaze3:led_8seg_kcpsm|pacoblaze3_scratch:scratch           ; pacoblaze3_scratch           ; work         ;
;          |pacoblaze3_stack:stack|                                      ; 43 (43)             ; 325 (325)                 ; 0                 ; 0          ; 0    ; 0            ; |Picoblaze_Practice|picoblaze_template:picoblaze_template_inst|pacoblaze3:led_8seg_kcpsm|pacoblaze3_stack:stack               ; pacoblaze3_stack             ; work         ;
;       |pacoblaze_instruction_memory:pacoblaze_instruction_memory_inst| ; 75 (75)             ; 0 (0)                     ; 0                 ; 0          ; 0    ; 0            ; |Picoblaze_Practice|picoblaze_template:picoblaze_template_inst|pacoblaze_instruction_memory:pacoblaze_instruction_memory_inst ; pacoblaze_instruction_memory ; work         ;
+------------------------------------------------------------------------+---------------------+---------------------------+-------------------+------------+------+--------------+-------------------------------------------------------------------------------------------------------------------------------+------------------------------+--------------+
Note: For table entries with two numbers listed, the numbers in parentheses indicate the number of resources of the given type used by the specific entity alone. The numbers listed outside of parentheses indicate the total resources of the given type used by the specific entity and all of its sub-entities in the hierarchy.


+--------------------------------------------------------------------------------------------------------------------------------+
; Registers Removed During Synthesis                                                                                             ;
+---------------------------------------------------------------------------------------+----------------------------------------+
; Register name                                                                         ; Reason for Removal                     ;
+---------------------------------------------------------------------------------------+----------------------------------------+
; picoblaze_template:picoblaze_template_inst|in_port[4..7]                              ; Stuck at GND due to stuck port data_in ;
; picoblaze_template:picoblaze_template_inst|pacoblaze3:led_8seg_kcpsm|reset_latch[0,1] ; Stuck at GND due to stuck port data_in ;
; Total Number of Removed Registers = 6                                                 ;                                        ;
+---------------------------------------------------------------------------------------+----------------------------------------+


+-------------------------------------------------------------------------------------------------------------------------------------------------------------------------------------------------------+
; Removed Registers Triggering Further Register Optimizations                                                                                                                                           ;
+-------------------------------------------------------------------------------------+---------------------------+-------------------------------------------------------------------------------------+
; Register name                                                                       ; Reason for Removal        ; Registers Removed due to This Register                                              ;
+-------------------------------------------------------------------------------------+---------------------------+-------------------------------------------------------------------------------------+
; picoblaze_template:picoblaze_template_inst|pacoblaze3:led_8seg_kcpsm|reset_latch[0] ; Stuck at GND              ; picoblaze_template:picoblaze_template_inst|pacoblaze3:led_8seg_kcpsm|reset_latch[1] ;
;                                                                                     ; due to stuck port data_in ;                                                                                     ;
+-------------------------------------------------------------------------------------+---------------------------+-------------------------------------------------------------------------------------+


+------------------------------------------------------+
; General Register Statistics                          ;
+----------------------------------------------+-------+
; Statistic                                    ; Value ;
+----------------------------------------------+-------+
; Total registers                              ; 1078  ;
; Number of registers using Synchronous Clear  ; 27    ;
; Number of registers using Synchronous Load   ; 1004  ;
; Number of registers using Asynchronous Clear ; 1     ;
; Number of registers using Asynchronous Load  ; 0     ;
; Number of registers using Clock Enable       ; 0     ;
; Number of registers using Preset             ; 0     ;
+----------------------------------------------+-------+


+------------------------------------------------------------------------------------------------------------------------------------------------------------------------------------------------------------------------------------------+
; Multiplexer Restructuring Statistics (Restructuring Performed)                                                                                                                                                                           ;
+--------------------+-----------+---------------+----------------------+------------------------+------------+----------------------------------------------------------------------------------------------------------------------------+
; Multiplexer Inputs ; Bus Width ; Baseline Area ; Area if Restructured ; Saving if Restructured ; Registered ; Example Multiplexer Output                                                                                                 ;
+--------------------+-----------+---------------+----------------------+------------------------+------------+----------------------------------------------------------------------------------------------------------------------------+
; 3:1                ; 4 bits    ; 8 LEs         ; 8 LEs                ; 0 LEs                  ; Yes        ; |Picoblaze_Practice|picoblaze_template:picoblaze_template_inst|pacoblaze3:led_8seg_kcpsm|register_x_write_enable           ;
; 3:1                ; 10 bits   ; 20 LEs        ; 20 LEs               ; 0 LEs                  ; Yes        ; |Picoblaze_Practice|picoblaze_template:picoblaze_template_inst|pacoblaze3:led_8seg_kcpsm|program_counter[6]                ;
; 16:1               ; 8 bits    ; 80 LEs        ; 80 LEs               ; 0 LEs                  ; No         ; |Picoblaze_Practice|picoblaze_template:picoblaze_template_inst|pacoblaze3:led_8seg_kcpsm|pacoblaze3_register:register|Mux2 ;
; 17:1               ; 8 bits    ; 88 LEs        ; 88 LEs               ; 0 LEs                  ; No         ; |Picoblaze_Practice|picoblaze_template:picoblaze_template_inst|pacoblaze3:led_8seg_kcpsm|port_id[6]                        ;
; 33:1               ; 8 bits    ; 176 LEs       ; 32 LEs               ; 144 LEs                ; No         ; |Picoblaze_Practice|picoblaze_template:picoblaze_template_inst|pacoblaze3:led_8seg_kcpsm|pacoblaze3_alu:alu|Selector3      ;
; 66:1               ; 4 bits    ; 176 LEs       ; 176 LEs              ; 0 LEs                  ; No         ; |Picoblaze_Practice|picoblaze_template:picoblaze_template_inst|pacoblaze3:led_8seg_kcpsm|register_x_data_in[4]             ;
; 66:1               ; 4 bits    ; 176 LEs       ; 176 LEs              ; 0 LEs                  ; No         ; |Picoblaze_Practice|picoblaze_template:picoblaze_template_inst|pacoblaze3:led_8seg_kcpsm|register_x_data_in[0]             ;
; 35:1               ; 10 bits   ; 230 LEs       ; 230 LEs              ; 0 LEs                  ; No         ; |Picoblaze_Practice|picoblaze_template:picoblaze_template_inst|pacoblaze3:led_8seg_kcpsm|program_counter_source[0]         ;
+--------------------+-----------+---------------+----------------------+------------------------+------------+----------------------------------------------------------------------------------------------------------------------------+


+------------------------------------------------------------------------------------+
; Parameter Settings for User Entity Instance: Top-level Entity: |Picoblaze_Practice ;
+------------------------+----------+------------------------------------------------+
; Parameter Name         ; Value    ; Type                                           ;
+------------------------+----------+------------------------------------------------+
; character_0            ; 00110000 ; Unsigned Binary                                ;
; character_1            ; 00110001 ; Unsigned Binary                                ;
; character_2            ; 00110010 ; Unsigned Binary                                ;
; character_3            ; 00110011 ; Unsigned Binary                                ;
; character_4            ; 00110100 ; Unsigned Binary                                ;
; character_5            ; 00110101 ; Unsigned Binary                                ;
; character_6            ; 00110110 ; Unsigned Binary                                ;
; character_7            ; 00110111 ; Unsigned Binary                                ;
; character_8            ; 00111000 ; Unsigned Binary                                ;
; character_9            ; 00111001 ; Unsigned Binary                                ;
; character_A            ; 01000001 ; Unsigned Binary                                ;
; character_B            ; 01000010 ; Unsigned Binary                                ;
; character_C            ; 01000011 ; Unsigned Binary                                ;
; character_D            ; 01000100 ; Unsigned Binary                                ;
; character_E            ; 01000101 ; Unsigned Binary                                ;
; character_F            ; 01000110 ; Unsigned Binary                                ;
; character_G            ; 01000111 ; Unsigned Binary                                ;
; character_H            ; 01001000 ; Unsigned Binary                                ;
; character_I            ; 01001001 ; Unsigned Binary                                ;
; character_J            ; 01001010 ; Unsigned Binary                                ;
; character_K            ; 01001011 ; Unsigned Binary                                ;
; character_L            ; 01001100 ; Unsigned Binary                                ;
; character_M            ; 01001101 ; Unsigned Binary                                ;
; character_N            ; 01001110 ; Unsigned Binary                                ;
; character_O            ; 01001111 ; Unsigned Binary                                ;
; character_P            ; 01010000 ; Unsigned Binary                                ;
; character_Q            ; 01010001 ; Unsigned Binary                                ;
; character_R            ; 01010010 ; Unsigned Binary                                ;
; character_S            ; 01010011 ; Unsigned Binary                                ;
; character_T            ; 01010100 ; Unsigned Binary                                ;
; character_U            ; 01010101 ; Unsigned Binary                                ;
; character_V            ; 01010110 ; Unsigned Binary                                ;
; character_W            ; 01010111 ; Unsigned Binary                                ;
; character_X            ; 01011000 ; Unsigned Binary                                ;
; character_Y            ; 01011001 ; Unsigned Binary                                ;
; character_Z            ; 01011010 ; Unsigned Binary                                ;
; character_lowercase_a  ; 01100001 ; Unsigned Binary                                ;
; character_lowercase_b  ; 01100010 ; Unsigned Binary                                ;
; character_lowercase_c  ; 01100011 ; Unsigned Binary                                ;
; character_lowercase_d  ; 01100100 ; Unsigned Binary                                ;
; character_lowercase_e  ; 01100101 ; Unsigned Binary                                ;
; character_lowercase_f  ; 01100110 ; Unsigned Binary                                ;
; character_lowercase_g  ; 01100111 ; Unsigned Binary                                ;
; character_lowercase_h  ; 01101000 ; Unsigned Binary                                ;
; character_lowercase_i  ; 01101001 ; Unsigned Binary                                ;
; character_lowercase_j  ; 01101010 ; Unsigned Binary                                ;
; character_lowercase_k  ; 01101011 ; Unsigned Binary                                ;
; character_lowercase_l  ; 01101100 ; Unsigned Binary                                ;
; character_lowercase_m  ; 01101101 ; Unsigned Binary                                ;
; character_lowercase_n  ; 01101110 ; Unsigned Binary                                ;
; character_lowercase_o  ; 01101111 ; Unsigned Binary                                ;
; character_lowercase_p  ; 01110000 ; Unsigned Binary                                ;
; character_lowercase_q  ; 01110001 ; Unsigned Binary                                ;
; character_lowercase_r  ; 01110010 ; Unsigned Binary                                ;
; character_lowercase_s  ; 01110011 ; Unsigned Binary                                ;
; character_lowercase_t  ; 01110100 ; Unsigned Binary                                ;
; character_lowercase_u  ; 01110101 ; Unsigned Binary                                ;
; character_lowercase_v  ; 01110110 ; Unsigned Binary                                ;
; character_lowercase_w  ; 01110111 ; Unsigned Binary                                ;
; character_lowercase_x  ; 01111000 ; Unsigned Binary                                ;
; character_lowercase_y  ; 01111001 ; Unsigned Binary                                ;
; character_lowercase_z  ; 01111010 ; Unsigned Binary                                ;
; character_colon        ; 00111010 ; Unsigned Binary                                ;
; character_stop         ; 00101110 ; Unsigned Binary                                ;
; character_semi_colon   ; 00111011 ; Unsigned Binary                                ;
; character_minus        ; 00101101 ; Unsigned Binary                                ;
; character_divide       ; 00101111 ; Unsigned Binary                                ;
; character_plus         ; 00101011 ; Unsigned Binary                                ;
; character_comma        ; 00101100 ; Unsigned Binary                                ;
; character_less_than    ; 00111100 ; Unsigned Binary                                ;
; character_greater_than ; 00111110 ; Unsigned Binary                                ;
; character_equals       ; 00111101 ; Unsigned Binary                                ;
; character_question     ; 00111111 ; Unsigned Binary                                ;
; character_dollar       ; 00100100 ; Unsigned Binary                                ;
; character_space        ; 00100000 ; Unsigned Binary                                ;
; character_exclaim      ; 00100001 ; Unsigned Binary                                ;
+------------------------+----------+------------------------------------------------+
Note: In order to hide this table in the UI and the text report file, please set the "Show Parameter Settings in Synthesis Report" option in "Analysis and Synthesis Settings -> More Settings" to "Off".


+-----------------------------------------------------------------------------------------+
; Parameter Settings for User Entity Instance: picoblaze_template:picoblaze_template_inst ;
+----------------+----------+-------------------------------------------------------------+
; Parameter Name ; Value    ; Type                                                        ;
+----------------+----------+-------------------------------------------------------------+
; clk_freq_in_hz ; 25000000 ; Signed Integer                                              ;
+----------------+----------+-------------------------------------------------------------+
Note: In order to hide this table in the UI and the text report file, please set the "Show Parameter Settings in Synthesis Report" option in "Analysis and Synthesis Settings -> More Settings" to "Off".


+-------------------------------------------------------------------------------------------------------------------------------------------------------------------------------------------------------+
; Port Connectivity Checks: "picoblaze_template:picoblaze_template_inst|pacoblaze_instruction_memory:pacoblaze_instruction_memory_inst"                                                                 ;
+---------+--------+----------+-------------------------------------------------------------------------------------------------------------------------------------------------------------------------+
; Port    ; Type   ; Severity ; Details                                                                                                                                                                 ;
+---------+--------+----------+-------------------------------------------------------------------------------------------------------------------------------------------------------------------------+
; outdata ; Output ; Warning  ; Output or bidir port (18 bits) is smaller than the port expression (20 bits) it drives.  The 2 most-significant bit(s) in the port expression will be connected to GND. ;
+---------+--------+----------+-------------------------------------------------------------------------------------------------------------------------------------------------------------------------+


+-------------------------------------------------------------------------------------------------------------------------+
; Port Connectivity Checks: "picoblaze_template:picoblaze_template_inst|pacoblaze3:led_8seg_kcpsm"                        ;
+---------------+--------+----------+-------------------------------------------------------------------------------------+
; Port          ; Type   ; Severity ; Details                                                                             ;
+---------------+--------+----------+-------------------------------------------------------------------------------------+
; port_id[3..0] ; Output ; Info     ; Connected to dangling logic. Logic that only feeds a dangling port will be removed. ;
; read_strobe   ; Output ; Info     ; Connected to dangling logic. Logic that only feeds a dangling port will be removed. ;
; reset         ; Input  ; Info     ; Stuck at GND                                                                        ;
+---------------+--------+----------+-------------------------------------------------------------------------------------+


+------------------------------------------------------------------------+
; Port Connectivity Checks: "picoblaze_template:picoblaze_template_inst" ;
+------------------+-------+----------+----------------------------------+
; Port             ; Type  ; Severity ; Details                          ;
+------------------+-------+----------+----------------------------------+
; input_data[7..4] ; Input ; Info     ; Stuck at GND                     ;
+------------------+-------+----------+----------------------------------+


+------------------------------------------------+
; Port Connectivity Checks: "doublesync:syncsw0" ;
+-------+-------+----------+---------------------+
; Port  ; Type  ; Severity ; Details             ;
+-------+-------+----------+---------------------+
; reset ; Input ; Info     ; Stuck at VCC        ;
+-------+-------+----------+---------------------+


+------------------------------------------------+
; Port Connectivity Checks: "doublesync:syncsw1" ;
+-------+-------+----------+---------------------+
; Port  ; Type  ; Severity ; Details             ;
+-------+-------+----------+---------------------+
; reset ; Input ; Info     ; Stuck at VCC        ;
+-------+-------+----------+---------------------+


+------------------------------------------------+
; Port Connectivity Checks: "doublesync:syncsw2" ;
+-------+-------+----------+---------------------+
; Port  ; Type  ; Severity ; Details             ;
+-------+-------+----------+---------------------+
; reset ; Input ; Info     ; Stuck at VCC        ;
+-------+-------+----------+---------------------+


+------------------------------------------------+
; Port Connectivity Checks: "doublesync:syncsw3" ;
+-------+-------+----------+---------------------+
; Port  ; Type  ; Severity ; Details             ;
+-------+-------+----------+---------------------+
; reset ; Input ; Info     ; Stuck at VCC        ;
+-------+-------+----------+---------------------+


+-----------------------------------------------------+
; Post-Synthesis Netlist Statistics for Top Partition ;
+-----------------------+-----------------------------+
; Type                  ; Count                       ;
+-----------------------+-----------------------------+
; arriav_ff             ; 1078                        ;
;     CLR               ; 1                           ;
;     SCLR              ; 27                          ;
;     SLD               ; 1004                        ;
;     plain             ; 46                          ;
; arriav_io_obuf        ; 78                          ;
; arriav_lcell_comb     ; 803                         ;
;     arith             ; 37                          ;
;         1 data inputs ; 27                          ;
;         4 data inputs ; 10                          ;
;     extend            ; 9                           ;
;         7 data inputs ; 9                           ;
;     normal            ; 748                         ;
;         0 data inputs ; 1                           ;
;         1 data inputs ; 7                           ;
;         2 data inputs ; 85                          ;
;         3 data inputs ; 21                          ;
;         4 data inputs ; 64                          ;
;         5 data inputs ; 102                         ;
;         6 data inputs ; 468                         ;
;     shared            ; 9                           ;
;         0 data inputs ; 1                           ;
;         3 data inputs ; 7                           ;
;         4 data inputs ; 1                           ;
; boundary_port         ; 149                         ;
;                       ;                             ;
; Max LUT depth         ; 8.80                        ;
; Average LUT depth     ; 4.77                        ;
+-----------------------+-----------------------------+


+-------------------------------+
; Elapsed Time Per Partition    ;
+----------------+--------------+
; Partition Name ; Elapsed Time ;
+----------------+--------------+
; Top            ; 00:00:05     ;
+----------------+--------------+


+-------------------------------+
; Analysis & Synthesis Messages ;
+-------------------------------+
Info: *******************************************************************
Info: Running Quartus Prime Analysis & Synthesis
    Info: Version 16.1.2 Build 203 01/18/2017 SJ Lite Edition
    Info: Processing started: Fri Jun 09 12:01:39 2023
Info: Command: quartus_map --read_settings_files=on --write_settings_files=off Picoblaze_Practice -c Picoblaze_Practice
Warning (125092): Tcl Script File flash/flash.qip not found
    Info (125063): set_global_assignment -name QIP_FILE flash/flash.qip
Warning (18236): Number of processors has not been specified which may cause overloading on shared machines.  Set the global assignment NUM_PARALLEL_PROCESSORS in your QSF to an appropriate value for best performance.
Info (20030): Parallel compilation is enabled and will use 16 of the 16 processors detected
Warning (12125): Using design file picoblaze_practice.v, which is not specified as a design file for the current project, but contains definitions for 1 design units and 1 entities in project
    Info (12023): Found entity 1: Picoblaze_Practice File: C:/Users/Admin/Documents/GitHub/CPEN-311/class_activity/picoblaze/picoblaze_practice.v Line: 2
Info (12127): Elaborating entity "Picoblaze_Practice" for the top level hierarchy
Warning (10034): Output port "LEDR[1..0]" at picoblaze_practice.v(55) has no driver File: C:/Users/Admin/Documents/GitHub/CPEN-311/class_activity/picoblaze/picoblaze_practice.v Line: 55
Warning (10034): Output port "AUD_DACDAT" at picoblaze_practice.v(77) has no driver File: C:/Users/Admin/Documents/GitHub/CPEN-311/class_activity/picoblaze/picoblaze_practice.v Line: 77
Warning (10034): Output port "AUD_XCK" at picoblaze_practice.v(79) has no driver File: C:/Users/Admin/Documents/GitHub/CPEN-311/class_activity/picoblaze/picoblaze_practice.v Line: 79
Warning (10034): Output port "FPGA_I2C_SCLK" at picoblaze_practice.v(82) has no driver File: C:/Users/Admin/Documents/GitHub/CPEN-311/class_activity/picoblaze/picoblaze_practice.v Line: 82
Warning (12125): Using design file doublesync.v, which is not specified as a design file for the current project, but contains definitions for 1 design units and 1 entities in project
    Info (12023): Found entity 1: doublesync File: C:/Users/Admin/Documents/GitHub/CPEN-311/class_activity/picoblaze/doublesync.v Line: 1
Info (12128): Elaborating entity "doublesync" for hierarchy "doublesync:syncsw3" File: C:/Users/Admin/Documents/GitHub/CPEN-311/class_activity/picoblaze/picoblaze_practice.v Line: 195
Warning (12125): Using design file picoblaze_template.v, which is not specified as a design file for the current project, but contains definitions for 1 design units and 1 entities in project
    Info (12023): Found entity 1: picoblaze_template File: C:/Users/Admin/Documents/GitHub/CPEN-311/class_activity/picoblaze/picoblaze_template.v Line: 5
Info (12128): Elaborating entity "picoblaze_template" for hierarchy "picoblaze_template:picoblaze_template_inst" File: C:/Users/Admin/Documents/GitHub/CPEN-311/class_activity/picoblaze/picoblaze_practice.v Line: 222
Warning (10230): Verilog HDL assignment warning at picoblaze_template.v(99): truncated value with size 32 to match size of target (27) File: C:/Users/Admin/Documents/GitHub/CPEN-311/class_activity/picoblaze/picoblaze_template.v Line: 99
Warning (10274): Verilog HDL macro warning at pacoblaze.v(56): overriding existing definition for macro "operation_is", which was defined in "pacoblaze_alu.v", line 44 File: C:/Users/Admin/Documents/GitHub/CPEN-311/class_activity/picoblaze/pacoblaze/pacoblaze.v Line: 56
Warning (12125): Using design file pacoblaze/pacoblaze3.v, which is not specified as a design file for the current project, but contains definitions for 6 design units and 6 entities in project
    Info (12023): Found entity 1: pacoblaze3_idu File: C:/Users/Admin/Documents/GitHub/CPEN-311/class_activity/picoblaze/pacoblaze/pacoblaze_idu.v Line: 47
    Info (12023): Found entity 2: pacoblaze3_alu File: C:/Users/Admin/Documents/GitHub/CPEN-311/class_activity/picoblaze/pacoblaze/pacoblaze_alu.v Line: 46
    Info (12023): Found entity 3: pacoblaze3_stack File: C:/Users/Admin/Documents/GitHub/CPEN-311/class_activity/picoblaze/pacoblaze/pacoblaze_stack.v Line: 39
    Info (12023): Found entity 4: pacoblaze3_register File: C:/Users/Admin/Documents/GitHub/CPEN-311/class_activity/picoblaze/pacoblaze/pacoblaze_register.v Line: 38
    Info (12023): Found entity 5: pacoblaze3_scratch File: C:/Users/Admin/Documents/GitHub/CPEN-311/class_activity/picoblaze/pacoblaze/pacoblaze_scratch.v Line: 38
    Info (12023): Found entity 6: pacoblaze3 File: C:/Users/Admin/Documents/GitHub/CPEN-311/class_activity/picoblaze/pacoblaze/pacoblaze.v Line: 60
Info (12128): Elaborating entity "pacoblaze3" for hierarchy "picoblaze_template:picoblaze_template_inst|pacoblaze3:led_8seg_kcpsm" File: C:/Users/Admin/Documents/GitHub/CPEN-311/class_activity/picoblaze/picoblaze_template.v Line: 59
Warning (10036): Verilog HDL or VHDL warning at pacoblaze.v(195): object "is_alu" assigned a value but never read File: C:/Users/Admin/Documents/GitHub/CPEN-311/class_activity/picoblaze/pacoblaze/pacoblaze.v Line: 195
Warning (10230): Verilog HDL assignment warning at pacoblaze.v(251): truncated value with size 32 to match size of target (1) File: C:/Users/Admin/Documents/GitHub/CPEN-311/class_activity/picoblaze/pacoblaze/pacoblaze.v Line: 251
Warning (10230): Verilog HDL assignment warning at pacoblaze.v(268): truncated value with size 32 to match size of target (10) File: C:/Users/Admin/Documents/GitHub/CPEN-311/class_activity/picoblaze/pacoblaze/pacoblaze.v Line: 268
Warning (10230): Verilog HDL assignment warning at pacoblaze.v(274): truncated value with size 32 to match size of target (10) File: C:/Users/Admin/Documents/GitHub/CPEN-311/class_activity/picoblaze/pacoblaze/pacoblaze.v Line: 274
Warning (10766): Verilog HDL Synthesis Attribute warning at pacoblaze.v(322): ignoring full_case attribute on case statement with explicit default case item File: C:/Users/Admin/Documents/GitHub/CPEN-311/class_activity/picoblaze/pacoblaze/pacoblaze.v Line: 322
Info (12128): Elaborating entity "pacoblaze3_idu" for hierarchy "picoblaze_template:picoblaze_template_inst|pacoblaze3:led_8seg_kcpsm|pacoblaze3_idu:idu" File: C:/Users/Admin/Documents/GitHub/CPEN-311/class_activity/picoblaze/pacoblaze/pacoblaze.v Line: 147
Warning (10208): Verilog HDL Case Statement warning at pacoblaze_idu.v(169): honored full_case synthesis attribute - differences between design synthesis and simulation may occur File: C:/Users/Admin/Documents/GitHub/CPEN-311/class_activity/picoblaze/pacoblaze/pacoblaze_idu.v Line: 169
Info (12128): Elaborating entity "pacoblaze3_alu" for hierarchy "picoblaze_template:picoblaze_template_inst|pacoblaze3:led_8seg_kcpsm|pacoblaze3_alu:alu" File: C:/Users/Admin/Documents/GitHub/CPEN-311/class_activity/picoblaze/pacoblaze/pacoblaze.v Line: 168
Warning (10230): Verilog HDL assignment warning at pacoblaze_alu.v(96): truncated value with size 32 to match size of target (1) File: C:/Users/Admin/Documents/GitHub/CPEN-311/class_activity/picoblaze/pacoblaze/pacoblaze_alu.v Line: 96
Warning (10766): Verilog HDL Synthesis Attribute warning at pacoblaze_alu.v(180): ignoring full_case attribute on case statement with explicit default case item File: C:/Users/Admin/Documents/GitHub/CPEN-311/class_activity/picoblaze/pacoblaze/pacoblaze_alu.v Line: 180
Info (12128): Elaborating entity "pacoblaze3_register" for hierarchy "picoblaze_template:picoblaze_template_inst|pacoblaze3:led_8seg_kcpsm|pacoblaze3_register:register" File: C:/Users/Admin/Documents/GitHub/CPEN-311/class_activity/picoblaze/pacoblaze/pacoblaze.v Line: 212
Info (12128): Elaborating entity "pacoblaze3_stack" for hierarchy "picoblaze_template:picoblaze_template_inst|pacoblaze3:led_8seg_kcpsm|pacoblaze3_stack:stack" File: C:/Users/Admin/Documents/GitHub/CPEN-311/class_activity/picoblaze/pacoblaze/pacoblaze.v Line: 222
Warning (10230): Verilog HDL assignment warning at pacoblaze_stack.v(51): truncated value with size 32 to match size of target (5) File: C:/Users/Admin/Documents/GitHub/CPEN-311/class_activity/picoblaze/pacoblaze/pacoblaze_stack.v Line: 51
Info (12128): Elaborating entity "pacoblaze3_scratch" for hierarchy "picoblaze_template:picoblaze_template_inst|pacoblaze3:led_8seg_kcpsm|pacoblaze3_scratch:scratch" File: C:/Users/Admin/Documents/GitHub/CPEN-311/class_activity/picoblaze/pacoblaze/pacoblaze.v Line: 235
Warning (12125): Using design file pacoblaze_instruction_memory.v, which is not specified as a design file for the current project, but contains definitions for 1 design units and 1 entities in project
    Info (12023): Found entity 1: pacoblaze_instruction_memory File: C:/Users/Admin/Documents/GitHub/CPEN-311/class_activity/picoblaze/pacoblaze_instruction_memory.v Line: 1
Info (12128): Elaborating entity "pacoblaze_instruction_memory" for hierarchy "picoblaze_template:picoblaze_template_inst|pacoblaze_instruction_memory:pacoblaze_instruction_memory_inst" File: C:/Users/Admin/Documents/GitHub/CPEN-311/class_activity/picoblaze/picoblaze_template.v Line: 67
Warning (10230): Verilog HDL assignment warning at pacoblaze_instruction_memory.v(14): truncated value with size 20 to match size of target (18) File: C:/Users/Admin/Documents/GitHub/CPEN-311/class_activity/picoblaze/pacoblaze_instruction_memory.v Line: 14
Warning (12125): Using design file sevensegmentdisplaydecoder.v, which is not specified as a design file for the current project, but contains definitions for 1 design units and 1 entities in project
    Info (12023): Found entity 1: SevenSegmentDisplayDecoder File: C:/Users/Admin/Documents/GitHub/CPEN-311/class_activity/picoblaze/sevensegmentdisplaydecoder.v Line: 1
Info (12128): Elaborating entity "SevenSegmentDisplayDecoder" for hierarchy "SevenSegmentDisplayDecoder:sevenseg0" File: C:/Users/Admin/Documents/GitHub/CPEN-311/class_activity/picoblaze/picoblaze_practice.v Line: 225
Warning (12241): 1 hierarchies have connectivity warnings - see the Connectivity Checks report folder
Warning (13039): The following bidirectional pins have no drivers
    Warning (13040): bidirectional pin "AUD_ADCLRCK" has no driver File: C:/Users/Admin/Documents/GitHub/CPEN-311/class_activity/picoblaze/picoblaze_practice.v Line: 75
    Warning (13040): bidirectional pin "AUD_BCLK" has no driver File: C:/Users/Admin/Documents/GitHub/CPEN-311/class_activity/picoblaze/picoblaze_practice.v Line: 76
    Warning (13040): bidirectional pin "AUD_DACLRCK" has no driver File: C:/Users/Admin/Documents/GitHub/CPEN-311/class_activity/picoblaze/picoblaze_practice.v Line: 78
    Warning (13040): bidirectional pin "FPGA_I2C_SDAT" has no driver File: C:/Users/Admin/Documents/GitHub/CPEN-311/class_activity/picoblaze/picoblaze_practice.v Line: 83
    Warning (13040): bidirectional pin "PS2_CLK" has no driver File: C:/Users/Admin/Documents/GitHub/CPEN-311/class_activity/picoblaze/picoblaze_practice.v Line: 86
    Warning (13040): bidirectional pin "PS2_DAT" has no driver File: C:/Users/Admin/Documents/GitHub/CPEN-311/class_activity/picoblaze/picoblaze_practice.v Line: 87
    Warning (13040): bidirectional pin "GPIO_0[0]" has no driver File: C:/Users/Admin/Documents/GitHub/CPEN-311/class_activity/picoblaze/picoblaze_practice.v Line: 90
    Warning (13040): bidirectional pin "GPIO_0[1]" has no driver File: C:/Users/Admin/Documents/GitHub/CPEN-311/class_activity/picoblaze/picoblaze_practice.v Line: 90
    Warning (13040): bidirectional pin "GPIO_0[2]" has no driver File: C:/Users/Admin/Documents/GitHub/CPEN-311/class_activity/picoblaze/picoblaze_practice.v Line: 90
    Warning (13040): bidirectional pin "GPIO_0[3]" has no driver File: C:/Users/Admin/Documents/GitHub/CPEN-311/class_activity/picoblaze/picoblaze_practice.v Line: 90
    Warning (13040): bidirectional pin "GPIO_0[4]" has no driver File: C:/Users/Admin/Documents/GitHub/CPEN-311/class_activity/picoblaze/picoblaze_practice.v Line: 90
    Warning (13040): bidirectional pin "GPIO_0[5]" has no driver File: C:/Users/Admin/Documents/GitHub/CPEN-311/class_activity/picoblaze/picoblaze_practice.v Line: 90
    Warning (13040): bidirectional pin "GPIO_0[6]" has no driver File: C:/Users/Admin/Documents/GitHub/CPEN-311/class_activity/picoblaze/picoblaze_practice.v Line: 90
    Warning (13040): bidirectional pin "GPIO_0[7]" has no driver File: C:/Users/Admin/Documents/GitHub/CPEN-311/class_activity/picoblaze/picoblaze_practice.v Line: 90
    Warning (13040): bidirectional pin "GPIO_0[8]" has no driver File: C:/Users/Admin/Documents/GitHub/CPEN-311/class_activity/picoblaze/picoblaze_practice.v Line: 90
    Warning (13040): bidirectional pin "GPIO_0[9]" has no driver File: C:/Users/Admin/Documents/GitHub/CPEN-311/class_activity/picoblaze/picoblaze_practice.v Line: 90
    Warning (13040): bidirectional pin "GPIO_0[10]" has no driver File: C:/Users/Admin/Documents/GitHub/CPEN-311/class_activity/picoblaze/picoblaze_practice.v Line: 90
    Warning (13040): bidirectional pin "GPIO_0[11]" has no driver File: C:/Users/Admin/Documents/GitHub/CPEN-311/class_activity/picoblaze/picoblaze_practice.v Line: 90
    Warning (13040): bidirectional pin "GPIO_0[12]" has no driver File: C:/Users/Admin/Documents/GitHub/CPEN-311/class_activity/picoblaze/picoblaze_practice.v Line: 90
    Warning (13040): bidirectional pin "GPIO_0[13]" has no driver File: C:/Users/Admin/Documents/GitHub/CPEN-311/class_activity/picoblaze/picoblaze_practice.v Line: 90
    Warning (13040): bidirectional pin "GPIO_0[14]" has no driver File: C:/Users/Admin/Documents/GitHub/CPEN-311/class_activity/picoblaze/picoblaze_practice.v Line: 90
    Warning (13040): bidirectional pin "GPIO_0[15]" has no driver File: C:/Users/Admin/Documents/GitHub/CPEN-311/class_activity/picoblaze/picoblaze_practice.v Line: 90
    Warning (13040): bidirectional pin "GPIO_0[16]" has no driver File: C:/Users/Admin/Documents/GitHub/CPEN-311/class_activity/picoblaze/picoblaze_practice.v Line: 90
    Warning (13040): bidirectional pin "GPIO_0[17]" has no driver File: C:/Users/Admin/Documents/GitHub/CPEN-311/class_activity/picoblaze/picoblaze_practice.v Line: 90
    Warning (13040): bidirectional pin "GPIO_0[18]" has no driver File: C:/Users/Admin/Documents/GitHub/CPEN-311/class_activity/picoblaze/picoblaze_practice.v Line: 90
    Warning (13040): bidirectional pin "GPIO_0[19]" has no driver File: C:/Users/Admin/Documents/GitHub/CPEN-311/class_activity/picoblaze/picoblaze_practice.v Line: 90
    Warning (13040): bidirectional pin "GPIO_0[20]" has no driver File: C:/Users/Admin/Documents/GitHub/CPEN-311/class_activity/picoblaze/picoblaze_practice.v Line: 90
    Warning (13040): bidirectional pin "GPIO_0[21]" has no driver File: C:/Users/Admin/Documents/GitHub/CPEN-311/class_activity/picoblaze/picoblaze_practice.v Line: 90
    Warning (13040): bidirectional pin "GPIO_0[22]" has no driver File: C:/Users/Admin/Documents/GitHub/CPEN-311/class_activity/picoblaze/picoblaze_practice.v Line: 90
    Warning (13040): bidirectional pin "GPIO_0[23]" has no driver File: C:/Users/Admin/Documents/GitHub/CPEN-311/class_activity/picoblaze/picoblaze_practice.v Line: 90
    Warning (13040): bidirectional pin "GPIO_0[24]" has no driver File: C:/Users/Admin/Documents/GitHub/CPEN-311/class_activity/picoblaze/picoblaze_practice.v Line: 90
    Warning (13040): bidirectional pin "GPIO_0[25]" has no driver File: C:/Users/Admin/Documents/GitHub/CPEN-311/class_activity/picoblaze/picoblaze_practice.v Line: 90
    Warning (13040): bidirectional pin "GPIO_0[26]" has no driver File: C:/Users/Admin/Documents/GitHub/CPEN-311/class_activity/picoblaze/picoblaze_practice.v Line: 90
    Warning (13040): bidirectional pin "GPIO_0[27]" has no driver File: C:/Users/Admin/Documents/GitHub/CPEN-311/class_activity/picoblaze/picoblaze_practice.v Line: 90
    Warning (13040): bidirectional pin "GPIO_0[28]" has no driver File: C:/Users/Admin/Documents/GitHub/CPEN-311/class_activity/picoblaze/picoblaze_practice.v Line: 90
    Warning (13040): bidirectional pin "GPIO_0[29]" has no driver File: C:/Users/Admin/Documents/GitHub/CPEN-311/class_activity/picoblaze/picoblaze_practice.v Line: 90
    Warning (13040): bidirectional pin "GPIO_0[30]" has no driver File: C:/Users/Admin/Documents/GitHub/CPEN-311/class_activity/picoblaze/picoblaze_practice.v Line: 90
    Warning (13040): bidirectional pin "GPIO_0[31]" has no driver File: C:/Users/Admin/Documents/GitHub/CPEN-311/class_activity/picoblaze/picoblaze_practice.v Line: 90
    Warning (13040): bidirectional pin "GPIO_0[32]" has no driver File: C:/Users/Admin/Documents/GitHub/CPEN-311/class_activity/picoblaze/picoblaze_practice.v Line: 90
    Warning (13040): bidirectional pin "GPIO_0[33]" has no driver File: C:/Users/Admin/Documents/GitHub/CPEN-311/class_activity/picoblaze/picoblaze_practice.v Line: 90
    Warning (13040): bidirectional pin "GPIO_0[34]" has no driver File: C:/Users/Admin/Documents/GitHub/CPEN-311/class_activity/picoblaze/picoblaze_practice.v Line: 90
    Warning (13040): bidirectional pin "GPIO_0[35]" has no driver File: C:/Users/Admin/Documents/GitHub/CPEN-311/class_activity/picoblaze/picoblaze_practice.v Line: 90
    Warning (13040): bidirectional pin "GPIO_1[0]" has no driver File: C:/Users/Admin/Documents/GitHub/CPEN-311/class_activity/picoblaze/picoblaze_practice.v Line: 91
    Warning (13040): bidirectional pin "GPIO_1[1]" has no driver File: C:/Users/Admin/Documents/GitHub/CPEN-311/class_activity/picoblaze/picoblaze_practice.v Line: 91
    Warning (13040): bidirectional pin "GPIO_1[2]" has no driver File: C:/Users/Admin/Documents/GitHub/CPEN-311/class_activity/picoblaze/picoblaze_practice.v Line: 91
    Warning (13040): bidirectional pin "GPIO_1[3]" has no driver File: C:/Users/Admin/Documents/GitHub/CPEN-311/class_activity/picoblaze/picoblaze_practice.v Line: 91
    Warning (13040): bidirectional pin "GPIO_1[4]" has no driver File: C:/Users/Admin/Documents/GitHub/CPEN-311/class_activity/picoblaze/picoblaze_practice.v Line: 91
    Warning (13040): bidirectional pin "GPIO_1[5]" has no driver File: C:/Users/Admin/Documents/GitHub/CPEN-311/class_activity/picoblaze/picoblaze_practice.v Line: 91
    Warning (13040): bidirectional pin "GPIO_1[6]" has no driver File: C:/Users/Admin/Documents/GitHub/CPEN-311/class_activity/picoblaze/picoblaze_practice.v Line: 91
    Warning (13040): bidirectional pin "GPIO_1[7]" has no driver File: C:/Users/Admin/Documents/GitHub/CPEN-311/class_activity/picoblaze/picoblaze_practice.v Line: 91
    Warning (13040): bidirectional pin "GPIO_1[8]" has no driver File: C:/Users/Admin/Documents/GitHub/CPEN-311/class_activity/picoblaze/picoblaze_practice.v Line: 91
    Warning (13040): bidirectional pin "GPIO_1[9]" has no driver File: C:/Users/Admin/Documents/GitHub/CPEN-311/class_activity/picoblaze/picoblaze_practice.v Line: 91
    Warning (13040): bidirectional pin "GPIO_1[10]" has no driver File: C:/Users/Admin/Documents/GitHub/CPEN-311/class_activity/picoblaze/picoblaze_practice.v Line: 91
    Warning (13040): bidirectional pin "GPIO_1[11]" has no driver File: C:/Users/Admin/Documents/GitHub/CPEN-311/class_activity/picoblaze/picoblaze_practice.v Line: 91
    Warning (13040): bidirectional pin "GPIO_1[12]" has no driver File: C:/Users/Admin/Documents/GitHub/CPEN-311/class_activity/picoblaze/picoblaze_practice.v Line: 91
    Warning (13040): bidirectional pin "GPIO_1[13]" has no driver File: C:/Users/Admin/Documents/GitHub/CPEN-311/class_activity/picoblaze/picoblaze_practice.v Line: 91
    Warning (13040): bidirectional pin "GPIO_1[14]" has no driver File: C:/Users/Admin/Documents/GitHub/CPEN-311/class_activity/picoblaze/picoblaze_practice.v Line: 91
    Warning (13040): bidirectional pin "GPIO_1[15]" has no driver File: C:/Users/Admin/Documents/GitHub/CPEN-311/class_activity/picoblaze/picoblaze_practice.v Line: 91
    Warning (13040): bidirectional pin "GPIO_1[16]" has no driver File: C:/Users/Admin/Documents/GitHub/CPEN-311/class_activity/picoblaze/picoblaze_practice.v Line: 91
    Warning (13040): bidirectional pin "GPIO_1[17]" has no driver File: C:/Users/Admin/Documents/GitHub/CPEN-311/class_activity/picoblaze/picoblaze_practice.v Line: 91
    Warning (13040): bidirectional pin "GPIO_1[18]" has no driver File: C:/Users/Admin/Documents/GitHub/CPEN-311/class_activity/picoblaze/picoblaze_practice.v Line: 91
    Warning (13040): bidirectional pin "GPIO_1[19]" has no driver File: C:/Users/Admin/Documents/GitHub/CPEN-311/class_activity/picoblaze/picoblaze_practice.v Line: 91
    Warning (13040): bidirectional pin "GPIO_1[20]" has no driver File: C:/Users/Admin/Documents/GitHub/CPEN-311/class_activity/picoblaze/picoblaze_practice.v Line: 91
    Warning (13040): bidirectional pin "GPIO_1[21]" has no driver File: C:/Users/Admin/Documents/GitHub/CPEN-311/class_activity/picoblaze/picoblaze_practice.v Line: 91
    Warning (13040): bidirectional pin "GPIO_1[22]" has no driver File: C:/Users/Admin/Documents/GitHub/CPEN-311/class_activity/picoblaze/picoblaze_practice.v Line: 91
    Warning (13040): bidirectional pin "GPIO_1[23]" has no driver File: C:/Users/Admin/Documents/GitHub/CPEN-311/class_activity/picoblaze/picoblaze_practice.v Line: 91
    Warning (13040): bidirectional pin "GPIO_1[24]" has no driver File: C:/Users/Admin/Documents/GitHub/CPEN-311/class_activity/picoblaze/picoblaze_practice.v Line: 91
    Warning (13040): bidirectional pin "GPIO_1[25]" has no driver File: C:/Users/Admin/Documents/GitHub/CPEN-311/class_activity/picoblaze/picoblaze_practice.v Line: 91
    Warning (13040): bidirectional pin "GPIO_1[26]" has no driver File: C:/Users/Admin/Documents/GitHub/CPEN-311/class_activity/picoblaze/picoblaze_practice.v Line: 91
    Warning (13040): bidirectional pin "GPIO_1[27]" has no driver File: C:/Users/Admin/Documents/GitHub/CPEN-311/class_activity/picoblaze/picoblaze_practice.v Line: 91
    Warning (13040): bidirectional pin "GPIO_1[28]" has no driver File: C:/Users/Admin/Documents/GitHub/CPEN-311/class_activity/picoblaze/picoblaze_practice.v Line: 91
    Warning (13040): bidirectional pin "GPIO_1[29]" has no driver File: C:/Users/Admin/Documents/GitHub/CPEN-311/class_activity/picoblaze/picoblaze_practice.v Line: 91
    Warning (13040): bidirectional pin "GPIO_1[30]" has no driver File: C:/Users/Admin/Documents/GitHub/CPEN-311/class_activity/picoblaze/picoblaze_practice.v Line: 91
    Warning (13040): bidirectional pin "GPIO_1[31]" has no driver File: C:/Users/Admin/Documents/GitHub/CPEN-311/class_activity/picoblaze/picoblaze_practice.v Line: 91
    Warning (13040): bidirectional pin "GPIO_1[32]" has no driver File: C:/Users/Admin/Documents/GitHub/CPEN-311/class_activity/picoblaze/picoblaze_practice.v Line: 91
    Warning (13040): bidirectional pin "GPIO_1[33]" has no driver File: C:/Users/Admin/Documents/GitHub/CPEN-311/class_activity/picoblaze/picoblaze_practice.v Line: 91
    Warning (13040): bidirectional pin "GPIO_1[34]" has no driver File: C:/Users/Admin/Documents/GitHub/CPEN-311/class_activity/picoblaze/picoblaze_practice.v Line: 91
    Warning (13040): bidirectional pin "GPIO_1[35]" has no driver File: C:/Users/Admin/Documents/GitHub/CPEN-311/class_activity/picoblaze/picoblaze_practice.v Line: 91
Warning (13024): Output pins are stuck at VCC or GND
    Warning (13410): Pin "LEDR[0]" is stuck at GND File: C:/Users/Admin/Documents/GitHub/CPEN-311/class_activity/picoblaze/picoblaze_practice.v Line: 55
    Warning (13410): Pin "LEDR[1]" is stuck at GND File: C:/Users/Admin/Documents/GitHub/CPEN-311/class_activity/picoblaze/picoblaze_practice.v Line: 55
    Warning (13410): Pin "AUD_DACDAT" is stuck at GND File: C:/Users/Admin/Documents/GitHub/CPEN-311/class_activity/picoblaze/picoblaze_practice.v Line: 77
    Warning (13410): Pin "AUD_XCK" is stuck at GND File: C:/Users/Admin/Documents/GitHub/CPEN-311/class_activity/picoblaze/picoblaze_practice.v Line: 79
    Warning (13410): Pin "FPGA_I2C_SCLK" is stuck at GND File: C:/Users/Admin/Documents/GitHub/CPEN-311/class_activity/picoblaze/picoblaze_practice.v Line: 82
Info (286030): Timing-Driven Synthesis is running
Info (144001): Generated suppressed messages file C:/Users/Admin/Documents/GitHub/CPEN-311/class_activity/picoblaze/Picoblaze_Practice.map.smsg
Info (16010): Generating hard_block partition "hard_block:auto_generated_inst"
    Info (16011): Adding 0 node(s), including 0 DDIO, 0 PLL, 0 transceiver and 0 LCELL
Warning (21074): Design contains 11 input pin(s) that do not drive logic
    Warning (15610): No output dependent on input pin "KEY[0]" File: C:/Users/Admin/Documents/GitHub/CPEN-311/class_activity/picoblaze/picoblaze_practice.v Line: 58
    Warning (15610): No output dependent on input pin "KEY[1]" File: C:/Users/Admin/Documents/GitHub/CPEN-311/class_activity/picoblaze/picoblaze_practice.v Line: 58
    Warning (15610): No output dependent on input pin "KEY[2]" File: C:/Users/Admin/Documents/GitHub/CPEN-311/class_activity/picoblaze/picoblaze_practice.v Line: 58
    Warning (15610): No output dependent on input pin "KEY[3]" File: C:/Users/Admin/Documents/GitHub/CPEN-311/class_activity/picoblaze/picoblaze_practice.v Line: 58
    Warning (15610): No output dependent on input pin "SW[4]" File: C:/Users/Admin/Documents/GitHub/CPEN-311/class_activity/picoblaze/picoblaze_practice.v Line: 61
    Warning (15610): No output dependent on input pin "SW[5]" File: C:/Users/Admin/Documents/GitHub/CPEN-311/class_activity/picoblaze/picoblaze_practice.v Line: 61
    Warning (15610): No output dependent on input pin "SW[6]" File: C:/Users/Admin/Documents/GitHub/CPEN-311/class_activity/picoblaze/picoblaze_practice.v Line: 61
    Warning (15610): No output dependent on input pin "SW[7]" File: C:/Users/Admin/Documents/GitHub/CPEN-311/class_activity/picoblaze/picoblaze_practice.v Line: 61
    Warning (15610): No output dependent on input pin "SW[8]" File: C:/Users/Admin/Documents/GitHub/CPEN-311/class_activity/picoblaze/picoblaze_practice.v Line: 61
    Warning (15610): No output dependent on input pin "SW[9]" File: C:/Users/Admin/Documents/GitHub/CPEN-311/class_activity/picoblaze/picoblaze_practice.v Line: 61
    Warning (15610): No output dependent on input pin "AUD_ADCDAT" File: C:/Users/Admin/Documents/GitHub/CPEN-311/class_activity/picoblaze/picoblaze_practice.v Line: 74
Info (21057): Implemented 1951 device resources after synthesis - the final resource count might be different
    Info (21058): Implemented 16 input pins
    Info (21059): Implemented 55 output pins
    Info (21060): Implemented 78 bidirectional pins
    Info (21061): Implemented 1802 logic cells
Info: Quartus Prime Analysis & Synthesis was successful. 0 errors, 122 warnings
    Info: Peak virtual memory: 4924 megabytes
    Info: Processing ended: Fri Jun 09 12:01:55 2023
    Info: Elapsed time: 00:00:16
    Info: Total CPU time (on all processors): 00:00:15


+------------------------------------------+
; Analysis & Synthesis Suppressed Messages ;
+------------------------------------------+
The suppressed messages can be found in C:/Users/Admin/Documents/GitHub/CPEN-311/class_activity/picoblaze/Picoblaze_Practice.map.smsg.


