Flow report for Picoblaze_Practice
Fri Jun 09 12:06:22 2023
Quartus Prime Version 16.1.2 Build 203 01/18/2017 SJ Lite Edition


---------------------
; Table of Contents ;
---------------------
  1. Legal Notice
  2. Flow Summary
  3. Flow Settings
  4. Flow Non-Default Global Settings
  5. Flow Elapsed Time
  6. Flow OS Summary
  7. Flow Log
  8. Flow Messages
  9. Flow Suppressed Messages



----------------
; Legal Notice ;
----------------
Copyright (C) 2017  Intel Corporation. All rights reserved.
Your use of Intel Corporation's design tools, logic functions 
and other software and tools, and its AMPP partner logic 
functions, and any output files from any of the foregoing 
(including device programming or simulation files), and any 
associated documentation or information are expressly subject 
to the terms and conditions of the Intel Program License 
Subscription Agreement, the Intel Quartus Prime License Agreement,
the Intel MegaCore Function License Agreement, or other 
applicable license agreement, including, without limitation, 
that your use is for the sole purpose of programming logic 
devices manufactured by Intel and sold by Intel or its 
authorized distributors.  Please refer to the applicable 
agreement for further details.



+-------------------------------------------------------------------------------+
; Flow Summary                                                                  ;
+---------------------------------+---------------------------------------------+
; Flow Status                     ; Successful - Fri Jun 09 12:06:19 2023       ;
; Quartus Prime Version           ; 16.1.2 Build 203 01/18/2017 SJ Lite Edition ;
; Revision Name                   ; Picoblaze_Practice                          ;
; Top-level Entity Name           ; Picoblaze_Practice                          ;
; Family                          ; Cyclone V                                   ;
; Device                          ; 5CSEMA5F31C6                                ;
; Timing Models                   ; Final                                       ;
; Logic utilization (in ALMs)     ; 1,248 / 32,070 ( 4 % )                      ;
; Total registers                 ; 1325                                        ;
; Total pins                      ; 151 / 457 ( 33 % )                          ;
; Total virtual pins              ; 0                                           ;
; Total block memory bits         ; 0 / 4,065,280 ( 0 % )                       ;
; Total DSP Blocks                ; 0 / 87 ( 0 % )                              ;
; Total HSSI RX PCSs              ; 0                                           ;
; Total HSSI PMA RX Deserializers ; 0                                           ;
; Total HSSI TX PCSs              ; 0                                           ;
; Total HSSI PMA TX Serializers   ; 0                                           ;
; Total PLLs                      ; 0 / 6 ( 0 % )                               ;
; Total DLLs                      ; 0 / 4 ( 0 % )                               ;
+---------------------------------+---------------------------------------------+


+-----------------------------------------+
; Flow Settings                           ;
+-------------------+---------------------+
; Option            ; Setting             ;
+-------------------+---------------------+
; Start date & time ; 06/09/2023 12:01:39 ;
; Main task         ; Compilation         ;
; Revision Name     ; Picoblaze_Practice  ;
+-------------------+---------------------+


+--------------------------------------------------------------------------------------------------------------------------------------------+
; Flow Non-Default Global Settings                                                                                                           ;
+---------------------------------------------------+----------------------------------------+--------------------+-------------+------------+
; Assignment Name                                   ; Value                                  ; Default Value      ; Entity Name ; Section Id ;
+---------------------------------------------------+----------------------------------------+--------------------+-------------+------------+
; ALLOW_POWER_UP_DONT_CARE                          ; Off                                    ; On                 ; --          ; --         ;
; AUTO_CLOCK_ENABLE_RECOGNITION                     ; Off                                    ; On                 ; --          ; --         ;
; AUTO_RAM_RECOGNITION                              ; Off                                    ; On                 ; --          ; --         ;
; AUTO_ROM_RECOGNITION                              ; Off                                    ; On                 ; --          ; --         ;
; BLOCK_RAM_AND_MLAB_EQUIVALENT_POWER_UP_CONDITIONS ; Care                                   ; Auto               ; --          ; --         ;
; COMPILER_SIGNATURE_ID                             ; 24580034878281.168633729903052         ; --                 ; --          ; --         ;
; DRC_DETAIL_MESSAGE_LIMIT                          ; 3000                                   ; 10                 ; --          ; --         ;
; DRC_VIOLATION_MESSAGE_LIMIT                       ; 3000                                   ; 30                 ; --          ; --         ;
; ENABLE_IP_DEBUG                                   ; On                                     ; Off                ; --          ; --         ;
; ENABLE_SIGNALTAP                                  ; Off                                    ; --                 ; --          ; --         ;
; EXTRACT_VERILOG_STATE_MACHINES                    ; Off                                    ; On                 ; --          ; --         ;
; EXTRACT_VHDL_STATE_MACHINES                       ; Off                                    ; On                 ; --          ; --         ;
; FITTER_EFFORT                                     ; Standard Fit                           ; Auto Fit           ; --          ; --         ;
; FIT_ONLY_ONE_ATTEMPT                              ; -- (Not supported for targeted family) ; Off                ; --          ; --         ;
; FLOW_ENABLE_IO_ASSIGNMENT_ANALYSIS                ; On                                     ; Off                ; --          ; --         ;
; FLOW_ENABLE_RTL_VIEWER                            ; On                                     ; Off                ; --          ; --         ;
; MAX_CORE_JUNCTION_TEMP                            ; 85                                     ; --                 ; --          ; --         ;
; MIN_CORE_JUNCTION_TEMP                            ; 0                                      ; --                 ; --          ; --         ;
; NUMBER_OF_INVERTED_REGISTERS_REPORTED             ; 1000                                   ; 100                ; --          ; --         ;
; OPTIMIZE_POWER_DURING_FITTING                     ; Off                                    ; Normal compilation ; --          ; --         ;
; OUTPUT_IO_TIMING_FAR_END_VMEAS                    ; Half Signal Swing                      ; --                 ; --          ; --         ;
; OUTPUT_IO_TIMING_FAR_END_VMEAS                    ; Half Signal Swing                      ; --                 ; --          ; --         ;
; OUTPUT_IO_TIMING_NEAR_END_VMEAS                   ; Half Vccio                             ; --                 ; --          ; --         ;
; OUTPUT_IO_TIMING_NEAR_END_VMEAS                   ; Half Vccio                             ; --                 ; --          ; --         ;
; PARTITION_COLOR                                   ; -- (Not supported for targeted family) ; --                 ; --          ; Top        ;
; PARTITION_FITTER_PRESERVATION_LEVEL               ; -- (Not supported for targeted family) ; --                 ; --          ; Top        ;
; PARTITION_NETLIST_TYPE                            ; -- (Not supported for targeted family) ; --                 ; --          ; Top        ;
; PHYSICAL_SYNTHESIS_EFFORT                         ; Fast                                   ; Normal             ; --          ; --         ;
; PHYSICAL_SYNTHESIS_REGISTER_RETIMING              ; On                                     ; Off                ; --          ; --         ;
; POWER_BOARD_THERMAL_MODEL                         ; None (CONSERVATIVE)                    ; --                 ; --          ; --         ;
; POWER_PRESET_COOLING_SOLUTION                     ; 23 MM HEAT SINK WITH 200 LFPM AIRFLOW  ; --                 ; --          ; --         ;
; SAVE_DISK_SPACE                                   ; Off                                    ; On                 ; --          ; --         ;
; SEARCH_PATH                                       ; .                                      ; --                 ; --          ; --         ;
; SEARCH_PATH                                       ; ./pacoblaze                            ; --                 ; --          ; --         ;
; SYNCHRONIZATION_REGISTER_CHAIN_LENGTH             ; 2                                      ; 3                  ; --          ; --         ;
; SYNTH_PROTECT_SDC_CONSTRAINT                      ; On                                     ; Off                ; --          ; --         ;
; TIMEQUEST_MULTICORNER_ANALYSIS                    ; Off                                    ; On                 ; --          ; --         ;
; VERILOG_INPUT_VERSION                             ; SystemVerilog_2005                     ; Verilog_2001       ; --          ; --         ;
; VERILOG_MACRO                                     ; SOFTWARE_IS_QUARTUS=<None>             ; --                 ; --          ; --         ;
; VERILOG_NON_CONSTANT_LOOP_LIMIT                   ; 5000                                   ; 250                ; --          ; --         ;
; VERILOG_SHOW_LMF_MAPPING_MESSAGES                 ; On                                     ; --                 ; --          ; --         ;
+---------------------------------------------------+----------------------------------------+--------------------+-------------+------------+


+-------------------------------------------------------------------------------------------------------------------------------+
; Flow Elapsed Time                                                                                                             ;
+---------------------------+--------------+-------------------------+---------------------+------------------------------------+
; Module Name               ; Elapsed Time ; Average Processors Used ; Peak Virtual Memory ; Total CPU Time (on all processors) ;
+---------------------------+--------------+-------------------------+---------------------+------------------------------------+
; Analysis & Synthesis      ; 00:00:16     ; 1.0                     ; 4924 MB             ; 00:00:15                           ;
; I/O Assignment Analysis   ; 00:00:17     ; 1.0                     ; 5452 MB             ; 00:00:13                           ;
; Fitter                    ; 00:03:49     ; 1.1                     ; 7835 MB             ; 00:10:06                           ;
; Assembler                 ; 00:00:13     ; 1.0                     ; 4851 MB             ; 00:00:09                           ;
; TimeQuest Timing Analyzer ; 00:00:02     ; 1.1                     ; 4949 MB             ; 00:00:02                           ;
; Total                     ; 00:04:37     ; --                      ; --                  ; 00:10:45                           ;
+---------------------------+--------------+-------------------------+---------------------+------------------------------------+


+-----------------------------------------------------------------------------------------+
; Flow OS Summary                                                                         ;
+---------------------------+------------------+------------+------------+----------------+
; Module Name               ; Machine Hostname ; OS Name    ; OS Version ; Processor type ;
+---------------------------+------------------+------------+------------+----------------+
; Analysis & Synthesis      ; DWARF            ; Windows 10 ; 10.0       ; x86_64         ;
; I/O Assignment Analysis   ; DWARF            ; Windows 10 ; 10.0       ; x86_64         ;
; Fitter                    ; DWARF            ; Windows 10 ; 10.0       ; x86_64         ;
; Assembler                 ; DWARF            ; Windows 10 ; 10.0       ; x86_64         ;
; TimeQuest Timing Analyzer ; DWARF            ; Windows 10 ; 10.0       ; x86_64         ;
+---------------------------+------------------+------------+------------+----------------+


------------
; Flow Log ;
------------
quartus_map --read_settings_files=on --write_settings_files=off Picoblaze_Practice -c Picoblaze_Practice
quartus_fit --read_settings_files=off --write_settings_files=off Picoblaze_Practice -c Picoblaze_Practice --plan
quartus_fit --read_settings_files=off --write_settings_files=off Picoblaze_Practice -c Picoblaze_Practice
quartus_asm --read_settings_files=off --write_settings_files=off Picoblaze_Practice -c Picoblaze_Practice
quartus_sta Picoblaze_Practice -c Picoblaze_Practice



