EDA Netlist Writer report for dds_and_nios_lab
Mon Jun 26 20:24:25 2023
Quartus Prime Version 16.1.2 Build 203 01/18/2017 SJ Lite Edition


---------------------
; Table of Contents ;
---------------------
  1. Legal Notice
  2. EDA Netlist Writer Summary
  3. EDA Netlist Writer Messages



----------------
; Legal Notice ;
----------------
Copyright (C) 2017  Intel Corporation. All rights reserved.
Your use of Intel Corporation's design tools, logic functions 
and other software and tools, and its AMPP partner logic 
functions, and any output files from any of the foregoing 
(including device programming or simulation files), and any 
associated documentation or information are expressly subject 
to the terms and conditions of the Intel Program License 
Subscription Agreement, the Intel Quartus Prime License Agreement,
the Intel MegaCore Function License Agreement, or other 
applicable license agreement, including, without limitation, 
that your use is for the sole purpose of programming logic 
devices manufactured by Intel and sold by Intel or its 
authorized distributors.  Please refer to the applicable 
agreement for further details.



+---------------------------------------------------------------+
; EDA Netlist Writer Summary                                    ;
+---------------------------+-----------------------------------+
; EDA Netlist Writer Status ; Failed - Mon Jun 26 20:24:25 2023 ;
; Revision Name             ; dds_and_nios_lab                  ;
; Top-level Entity Name     ; dds_and_nios_lab                  ;
; Family                    ; Cyclone V                         ;
+---------------------------+-----------------------------------+


+-----------------------------+
; EDA Netlist Writer Messages ;
+-----------------------------+
Info: *******************************************************************
Info: Running Quartus Prime EDA Netlist Writer
    Info: Version 16.1.2 Build 203 01/18/2017 SJ Lite Edition
    Info: Copyright (C) 2017  Intel Corporation. All rights reserved.
    Info: Your use of Intel Corporation's design tools, logic functions 
    Info: and other software and tools, and its AMPP partner logic 
    Info: functions, and any output files from any of the foregoing 
    Info: (including device programming or simulation files), and any 
    Info: associated documentation or information are expressly subject 
    Info: to the terms and conditions of the Intel Program License 
    Info: Subscription Agreement, the Intel Quartus Prime License Agreement,
    Info: the Intel MegaCore Function License Agreement, or other 
    Info: applicable license agreement, including, without limitation, 
    Info: that your use is for the sole purpose of programming logic 
    Info: devices manufactured by Intel and sold by Intel or its 
    Info: authorized distributors.  Please refer to the applicable 
    Info: agreement for further details.
    Info: Processing started: Mon Jun 26 20:24:22 2023
Info: Command: quartus_eda --write_settings_files=off --simulation=on --functional=on --flatten_buses=off --tool=modelsim_oem --format=verilog --output_directory=C:/Users/Admin/Documents/GitHub/CPEN-311/James_Park_70315379_Lab_5/rtl/lab5/simulation/qsim/ dds_and_nios_lab -c dds_and_nios_lab
Error (204009): Can't generate netlist output files because the license for encrypted file "C:/Users/Admin/Documents/GitHub/CPEN-311/James_Park_70315379_Lab_5/rtl/lab5/DE1_SoC_QSYS/synthesis/submodules/DE1_SoC_QSYS_cpu.v" is not available
Error: Quartus Prime EDA Netlist Writer was unsuccessful. 1 error, 0 warnings
    Error: Peak virtual memory: 4859 megabytes
    Error: Processing ended: Mon Jun 26 20:24:25 2023
    Error: Elapsed time: 00:00:03
    Error: Total CPU time (on all processors): 00:00:02


